{"C:\\Users\\siuhi\\OneDrive - connect.hku.hk\\Work\\Coding\\Bootcamp - Digital Futures\\df-capstone-fe\\src\\App.jsx": {"path":"C:\\Users\\siuhi\\OneDrive - connect.hku.hk\\Work\\Coding\\Bootcamp - Digital Futures\\df-capstone-fe\\src\\App.jsx","all":false,"statementMap":{"0":{"start":{"line":1,"column":0},"end":{"line":1,"column":49}},"1":{"start":{"line":2,"column":0},"end":{"line":2,"column":44}},"2":{"start":{"line":3,"column":0},"end":{"line":3,"column":60}},"3":{"start":{"line":4,"column":0},"end":{"line":4,"column":32}},"4":{"start":{"line":5,"column":0},"end":{"line":5,"column":0}},"5":{"start":{"line":6,"column":0},"end":{"line":6,"column":35}},"6":{"start":{"line":7,"column":0},"end":{"line":7,"column":41}},"7":{"start":{"line":8,"column":0},"end":{"line":8,"column":43}},"8":{"start":{"line":9,"column":0},"end":{"line":9,"column":49}},"9":{"start":{"line":10,"column":0},"end":{"line":10,"column":45}},"10":{"start":{"line":11,"column":0},"end":{"line":11,"column":41}},"11":{"start":{"line":12,"column":0},"end":{"line":12,"column":51}},"12":{"start":{"line":13,"column":0},"end":{"line":13,"column":53}},"13":{"start":{"line":14,"column":0},"end":{"line":14,"column":36}},"14":{"start":{"line":15,"column":0},"end":{"line":15,"column":0}},"15":{"start":{"line":16,"column":0},"end":{"line":16,"column":19}},"16":{"start":{"line":17,"column":0},"end":{"line":17,"column":0}},"17":{"start":{"line":18,"column":0},"end":{"line":18,"column":19}},"18":{"start":{"line":19,"column":0},"end":{"line":19,"column":54}},"19":{"start":{"line":20,"column":0},"end":{"line":20,"column":0}},"20":{"start":{"line":21,"column":0},"end":{"line":21,"column":19}},"21":{"start":{"line":22,"column":0},"end":{"line":22,"column":31}},"22":{"start":{"line":23,"column":0},"end":{"line":23,"column":26}},"23":{"start":{"line":24,"column":0},"end":{"line":24,"column":12}},"24":{"start":{"line":25,"column":0},"end":{"line":25,"column":27}},"25":{"start":{"line":26,"column":0},"end":{"line":26,"column":5}},"26":{"start":{"line":27,"column":0},"end":{"line":27,"column":19}},"27":{"start":{"line":28,"column":0},"end":{"line":28,"column":0}},"28":{"start":{"line":29,"column":0},"end":{"line":29,"column":10}},"29":{"start":{"line":30,"column":0},"end":{"line":30,"column":6}},"30":{"start":{"line":31,"column":0},"end":{"line":31,"column":22}},"31":{"start":{"line":32,"column":0},"end":{"line":32,"column":16}},"32":{"start":{"line":33,"column":0},"end":{"line":33,"column":58}},"33":{"start":{"line":34,"column":0},"end":{"line":34,"column":17}},"34":{"start":{"line":35,"column":0},"end":{"line":35,"column":69}},"35":{"start":{"line":36,"column":0},"end":{"line":36,"column":16}},"36":{"start":{"line":37,"column":0},"end":{"line":37,"column":50}},"37":{"start":{"line":38,"column":0},"end":{"line":38,"column":60}},"38":{"start":{"line":39,"column":0},"end":{"line":39,"column":16}},"39":{"start":{"line":40,"column":0},"end":{"line":40,"column":25}},"40":{"start":{"line":41,"column":0},"end":{"line":41,"column":21}},"41":{"start":{"line":42,"column":0},"end":{"line":42,"column":80}},"42":{"start":{"line":43,"column":0},"end":{"line":43,"column":13}},"43":{"start":{"line":44,"column":0},"end":{"line":44,"column":12}},"44":{"start":{"line":45,"column":0},"end":{"line":45,"column":76}},"45":{"start":{"line":46,"column":0},"end":{"line":46,"column":16}},"46":{"start":{"line":47,"column":0},"end":{"line":47,"column":29}},"47":{"start":{"line":48,"column":0},"end":{"line":48,"column":61}},"48":{"start":{"line":49,"column":0},"end":{"line":49,"column":12}},"49":{"start":{"line":50,"column":0},"end":{"line":50,"column":55}},"50":{"start":{"line":51,"column":0},"end":{"line":51,"column":17}},"51":{"start":{"line":52,"column":0},"end":{"line":52,"column":18}},"52":{"start":{"line":53,"column":0},"end":{"line":53,"column":23}},"53":{"start":{"line":54,"column":0},"end":{"line":54,"column":7}},"54":{"start":{"line":55,"column":0},"end":{"line":55,"column":4}},"55":{"start":{"line":56,"column":0},"end":{"line":56,"column":2}},"56":{"start":{"line":57,"column":0},"end":{"line":57,"column":0}},"57":{"start":{"line":58,"column":0},"end":{"line":58,"column":19}}},"s":{"0":1,"1":1,"2":1,"3":1,"4":1,"5":1,"6":1,"7":1,"8":1,"9":1,"10":1,"11":1,"12":1,"13":1,"14":1,"15":1,"16":1,"17":1,"18":1,"19":1,"20":1,"21":1,"22":0,"23":1,"24":1,"25":1,"26":1,"27":1,"28":1,"29":1,"30":1,"31":1,"32":1,"33":1,"34":1,"35":1,"36":1,"37":1,"38":1,"39":1,"40":1,"41":1,"42":1,"43":1,"44":1,"45":1,"46":1,"47":1,"48":1,"49":1,"50":1,"51":1,"52":1,"53":1,"54":1,"55":1,"56":1,"57":1},"branchMap":{"0":{"type":"branch","line":18,"loc":{"start":{"line":18,"column":12},"end":{"line":56,"column":2}},"locations":[{"start":{"line":18,"column":12},"end":{"line":56,"column":2}}]},"1":{"type":"branch","line":21,"loc":{"start":{"line":21,"column":12},"end":{"line":27,"column":5}},"locations":[{"start":{"line":21,"column":12},"end":{"line":27,"column":5}}]},"2":{"type":"branch","line":22,"loc":{"start":{"line":22,"column":30},"end":{"line":24,"column":11}},"locations":[{"start":{"line":22,"column":30},"end":{"line":24,"column":11}}]}},"b":{"0":[1],"1":[1],"2":[0]},"fnMap":{"0":{"name":"App","decl":{"start":{"line":18,"column":12},"end":{"line":56,"column":2}},"loc":{"start":{"line":18,"column":12},"end":{"line":56,"column":2}},"line":18}},"f":{"0":1}}
,"C:\\Users\\siuhi\\OneDrive - connect.hku.hk\\Work\\Coding\\Bootcamp - Digital Futures\\df-capstone-fe\\src\\main.jsx": {"path":"C:\\Users\\siuhi\\OneDrive - connect.hku.hk\\Work\\Coding\\Bootcamp - Digital Futures\\df-capstone-fe\\src\\main.jsx","all":true,"statementMap":{"0":{"start":{"line":1,"column":0},"end":{"line":1,"column":26}},"1":{"start":{"line":2,"column":0},"end":{"line":2,"column":40}},"2":{"start":{"line":3,"column":0},"end":{"line":3,"column":49}},"3":{"start":{"line":4,"column":0},"end":{"line":4,"column":28}},"4":{"start":{"line":5,"column":0},"end":{"line":5,"column":0}},"5":{"start":{"line":6,"column":0},"end":{"line":6,"column":46}},"6":{"start":{"line":7,"column":0},"end":{"line":7,"column":44}},"7":{"start":{"line":8,"column":0},"end":{"line":8,"column":0}},"8":{"start":{"line":9,"column":0},"end":{"line":9,"column":60}},"9":{"start":{"line":10,"column":0},"end":{"line":10,"column":20}},"10":{"start":{"line":11,"column":0},"end":{"line":11,"column":19}},"11":{"start":{"line":12,"column":0},"end":{"line":12,"column":13}},"12":{"start":{"line":13,"column":0},"end":{"line":13,"column":20}},"13":{"start":{"line":14,"column":0},"end":{"line":14,"column":21}},"14":{"start":{"line":15,"column":0},"end":{"line":15,"column":2}}},"s":{"0":0,"1":0,"2":0,"3":0,"4":0,"5":0,"6":0,"7":0,"8":0,"9":0,"10":0,"11":0,"12":0,"13":0,"14":0},"branchMap":{"0":{"type":"branch","line":1,"loc":{"start":{"line":1,"column":416},"end":{"line":15,"column":2}},"locations":[{"start":{"line":1,"column":416},"end":{"line":15,"column":2}}]}},"b":{"0":[0]},"fnMap":{"0":{"name":"(empty-report)","decl":{"start":{"line":1,"column":416},"end":{"line":15,"column":2}},"loc":{"start":{"line":1,"column":416},"end":{"line":15,"column":2}},"line":1}},"f":{"0":0}}
,"C:\\Users\\siuhi\\OneDrive - connect.hku.hk\\Work\\Coding\\Bootcamp - Digital Futures\\df-capstone-fe\\src\\components\\AddCustomerButton.jsx": {"path":"C:\\Users\\siuhi\\OneDrive - connect.hku.hk\\Work\\Coding\\Bootcamp - Digital Futures\\df-capstone-fe\\src\\components\\AddCustomerButton.jsx","all":false,"statementMap":{"0":{"start":{"line":1,"column":0},"end":{"line":1,"column":62}},"1":{"start":{"line":2,"column":0},"end":{"line":2,"column":0}},"2":{"start":{"line":3,"column":0},"end":{"line":3,"column":62}},"3":{"start":{"line":4,"column":0},"end":{"line":4,"column":10}},"4":{"start":{"line":5,"column":0},"end":{"line":5,"column":6}},"5":{"start":{"line":6,"column":0},"end":{"line":6,"column":13}},"6":{"start":{"line":7,"column":0},"end":{"line":7,"column":33}},"7":{"start":{"line":8,"column":0},"end":{"line":8,"column":38}},"8":{"start":{"line":9,"column":0},"end":{"line":9,"column":29}},"9":{"start":{"line":10,"column":0},"end":{"line":10,"column":21}},"10":{"start":{"line":11,"column":0},"end":{"line":11,"column":30}},"11":{"start":{"line":12,"column":0},"end":{"line":12,"column":50}},"12":{"start":{"line":13,"column":0},"end":{"line":13,"column":7}},"13":{"start":{"line":14,"column":0},"end":{"line":14,"column":24}},"14":{"start":{"line":15,"column":0},"end":{"line":15,"column":15}},"15":{"start":{"line":16,"column":0},"end":{"line":16,"column":29}},"16":{"start":{"line":17,"column":0},"end":{"line":17,"column":29}},"17":{"start":{"line":18,"column":0},"end":{"line":18,"column":39}},"18":{"start":{"line":19,"column":0},"end":{"line":19,"column":8}},"19":{"start":{"line":20,"column":0},"end":{"line":20,"column":7}},"20":{"start":{"line":21,"column":0},"end":{"line":21,"column":4}},"21":{"start":{"line":22,"column":0},"end":{"line":22,"column":2}},"22":{"start":{"line":23,"column":0},"end":{"line":23,"column":0}},"23":{"start":{"line":24,"column":0},"end":{"line":24,"column":33}}},"s":{"0":1,"1":1,"2":1,"3":6,"4":6,"5":6,"6":6,"7":6,"8":6,"9":6,"10":6,"11":6,"12":6,"13":6,"14":6,"15":6,"16":6,"17":6,"18":6,"19":6,"20":6,"21":6,"22":1,"23":1},"branchMap":{"0":{"type":"branch","line":3,"loc":{"start":{"line":3,"column":26},"end":{"line":22,"column":2}},"locations":[{"start":{"line":3,"column":26},"end":{"line":22,"column":2}}]}},"b":{"0":[6]},"fnMap":{"0":{"name":"AddCustomerButton","decl":{"start":{"line":3,"column":26},"end":{"line":22,"column":2}},"loc":{"start":{"line":3,"column":26},"end":{"line":22,"column":2}},"line":3}},"f":{"0":6}}
,"C:\\Users\\siuhi\\OneDrive - connect.hku.hk\\Work\\Coding\\Bootcamp - Digital Futures\\df-capstone-fe\\src\\components\\CustomerAddUpdateModal.jsx": {"path":"C:\\Users\\siuhi\\OneDrive - connect.hku.hk\\Work\\Coding\\Bootcamp - Digital Futures\\df-capstone-fe\\src\\components\\CustomerAddUpdateModal.jsx","all":false,"statementMap":{"0":{"start":{"line":1,"column":0},"end":{"line":1,"column":44}},"1":{"start":{"line":2,"column":0},"end":{"line":2,"column":38}},"2":{"start":{"line":3,"column":0},"end":{"line":3,"column":8}},"3":{"start":{"line":4,"column":0},"end":{"line":4,"column":24}},"4":{"start":{"line":5,"column":0},"end":{"line":5,"column":21}},"5":{"start":{"line":6,"column":0},"end":{"line":6,"column":42}},"6":{"start":{"line":7,"column":0},"end":{"line":7,"column":68}},"7":{"start":{"line":8,"column":0},"end":{"line":8,"column":8}},"8":{"start":{"line":9,"column":0},"end":{"line":9,"column":17}},"9":{"start":{"line":10,"column":0},"end":{"line":10,"column":16}},"10":{"start":{"line":11,"column":0},"end":{"line":11,"column":19}},"11":{"start":{"line":12,"column":0},"end":{"line":12,"column":24}},"12":{"start":{"line":13,"column":0},"end":{"line":13,"column":28}},"13":{"start":{"line":14,"column":0},"end":{"line":14,"column":31}},"14":{"start":{"line":15,"column":0},"end":{"line":15,"column":0}},"15":{"start":{"line":16,"column":0},"end":{"line":16,"column":40}},"16":{"start":{"line":17,"column":0},"end":{"line":17,"column":11}},"17":{"start":{"line":18,"column":0},"end":{"line":18,"column":8}},"18":{"start":{"line":19,"column":0},"end":{"line":19,"column":17}},"19":{"start":{"line":20,"column":0},"end":{"line":20,"column":15}},"20":{"start":{"line":21,"column":0},"end":{"line":21,"column":12}},"21":{"start":{"line":22,"column":0},"end":{"line":22,"column":7}},"22":{"start":{"line":23,"column":0},"end":{"line":23,"column":19}},"23":{"start":{"line":24,"column":0},"end":{"line":24,"column":69}},"24":{"start":{"line":25,"column":0},"end":{"line":25,"column":17}},"25":{"start":{"line":26,"column":0},"end":{"line":26,"column":0}},"26":{"start":{"line":27,"column":0},"end":{"line":27,"column":59}},"27":{"start":{"line":28,"column":0},"end":{"line":28,"column":29}},"28":{"start":{"line":29,"column":0},"end":{"line":29,"column":4}},"29":{"start":{"line":30,"column":0},"end":{"line":30,"column":61}},"30":{"start":{"line":31,"column":0},"end":{"line":31,"column":30}},"31":{"start":{"line":32,"column":0},"end":{"line":32,"column":4}},"32":{"start":{"line":33,"column":0},"end":{"line":33,"column":80}},"33":{"start":{"line":34,"column":0},"end":{"line":34,"column":57}},"34":{"start":{"line":35,"column":0},"end":{"line":35,"column":28}},"35":{"start":{"line":36,"column":0},"end":{"line":36,"column":4}},"36":{"start":{"line":37,"column":0},"end":{"line":37,"column":77}},"37":{"start":{"line":38,"column":0},"end":{"line":38,"column":77}},"38":{"start":{"line":39,"column":0},"end":{"line":39,"column":38}},"39":{"start":{"line":40,"column":0},"end":{"line":40,"column":4}},"40":{"start":{"line":41,"column":0},"end":{"line":41,"column":79}},"41":{"start":{"line":42,"column":0},"end":{"line":42,"column":39}},"42":{"start":{"line":43,"column":0},"end":{"line":43,"column":4}},"43":{"start":{"line":44,"column":0},"end":{"line":44,"column":57}},"44":{"start":{"line":45,"column":0},"end":{"line":45,"column":28}},"45":{"start":{"line":46,"column":0},"end":{"line":46,"column":4}},"46":{"start":{"line":47,"column":0},"end":{"line":47,"column":74}},"47":{"start":{"line":48,"column":0},"end":{"line":48,"column":75}},"48":{"start":{"line":49,"column":0},"end":{"line":49,"column":37}},"49":{"start":{"line":50,"column":0},"end":{"line":50,"column":4}},"50":{"start":{"line":51,"column":0},"end":{"line":51,"column":49}},"51":{"start":{"line":52,"column":0},"end":{"line":52,"column":38}},"52":{"start":{"line":53,"column":0},"end":{"line":53,"column":4}},"53":{"start":{"line":54,"column":0},"end":{"line":54,"column":53}},"54":{"start":{"line":55,"column":0},"end":{"line":55,"column":40}},"55":{"start":{"line":56,"column":0},"end":{"line":56,"column":4}},"56":{"start":{"line":57,"column":0},"end":{"line":57,"column":57}},"57":{"start":{"line":58,"column":0},"end":{"line":58,"column":28}},"58":{"start":{"line":59,"column":0},"end":{"line":59,"column":4}},"59":{"start":{"line":60,"column":0},"end":{"line":60,"column":61}},"60":{"start":{"line":61,"column":0},"end":{"line":61,"column":30}},"61":{"start":{"line":62,"column":0},"end":{"line":62,"column":4}},"62":{"start":{"line":63,"column":0},"end":{"line":63,"column":0}},"63":{"start":{"line":64,"column":0},"end":{"line":64,"column":72}},"64":{"start":{"line":65,"column":0},"end":{"line":65,"column":68}},"65":{"start":{"line":66,"column":0},"end":{"line":66,"column":0}},"66":{"start":{"line":67,"column":0},"end":{"line":67,"column":19}},"67":{"start":{"line":68,"column":0},"end":{"line":68,"column":25}},"68":{"start":{"line":69,"column":0},"end":{"line":69,"column":25}},"69":{"start":{"line":70,"column":0},"end":{"line":70,"column":26}},"70":{"start":{"line":71,"column":0},"end":{"line":71,"column":22}},"71":{"start":{"line":72,"column":0},"end":{"line":72,"column":36}},"72":{"start":{"line":73,"column":0},"end":{"line":73,"column":62}},"73":{"start":{"line":74,"column":0},"end":{"line":74,"column":40}},"74":{"start":{"line":75,"column":0},"end":{"line":75,"column":44}},"75":{"start":{"line":76,"column":0},"end":{"line":76,"column":38}},"76":{"start":{"line":77,"column":0},"end":{"line":77,"column":57}},"77":{"start":{"line":78,"column":0},"end":{"line":78,"column":6}},"78":{"start":{"line":79,"column":0},"end":{"line":79,"column":6}},"79":{"start":{"line":80,"column":0},"end":{"line":80,"column":21}},"80":{"start":{"line":81,"column":0},"end":{"line":81,"column":20}},"81":{"start":{"line":82,"column":0},"end":{"line":82,"column":22}},"82":{"start":{"line":83,"column":0},"end":{"line":83,"column":29}},"83":{"start":{"line":84,"column":0},"end":{"line":84,"column":16}},"84":{"start":{"line":85,"column":0},"end":{"line":85,"column":18}},"85":{"start":{"line":86,"column":0},"end":{"line":86,"column":30}},"86":{"start":{"line":87,"column":0},"end":{"line":87,"column":31}},"87":{"start":{"line":88,"column":0},"end":{"line":88,"column":20}},"88":{"start":{"line":89,"column":0},"end":{"line":89,"column":17}},"89":{"start":{"line":90,"column":0},"end":{"line":90,"column":16}},"90":{"start":{"line":91,"column":0},"end":{"line":91,"column":18}},"91":{"start":{"line":92,"column":0},"end":{"line":92,"column":20}},"92":{"start":{"line":93,"column":0},"end":{"line":93,"column":22}},"93":{"start":{"line":94,"column":0},"end":{"line":94,"column":5}},"94":{"start":{"line":95,"column":0},"end":{"line":95,"column":0}},"95":{"start":{"line":96,"column":0},"end":{"line":96,"column":36}},"96":{"start":{"line":97,"column":0},"end":{"line":97,"column":29}},"97":{"start":{"line":98,"column":0},"end":{"line":98,"column":24}},"98":{"start":{"line":99,"column":0},"end":{"line":99,"column":34}},"99":{"start":{"line":100,"column":0},"end":{"line":100,"column":36}},"100":{"start":{"line":101,"column":0},"end":{"line":101,"column":33}},"101":{"start":{"line":102,"column":0},"end":{"line":102,"column":32}},"102":{"start":{"line":103,"column":0},"end":{"line":103,"column":28}},"103":{"start":{"line":104,"column":0},"end":{"line":104,"column":52}},"104":{"start":{"line":105,"column":0},"end":{"line":105,"column":54}},"105":{"start":{"line":106,"column":0},"end":{"line":106,"column":32}},"106":{"start":{"line":107,"column":0},"end":{"line":107,"column":26}},"107":{"start":{"line":108,"column":0},"end":{"line":108,"column":50}},"108":{"start":{"line":109,"column":0},"end":{"line":109,"column":35}},"109":{"start":{"line":110,"column":0},"end":{"line":110,"column":39}},"110":{"start":{"line":111,"column":0},"end":{"line":111,"column":32}},"111":{"start":{"line":112,"column":0},"end":{"line":112,"column":36}},"112":{"start":{"line":113,"column":0},"end":{"line":113,"column":36}},"113":{"start":{"line":114,"column":0},"end":{"line":114,"column":36}},"114":{"start":{"line":115,"column":0},"end":{"line":115,"column":6}},"115":{"start":{"line":116,"column":0},"end":{"line":116,"column":70}},"116":{"start":{"line":117,"column":0},"end":{"line":117,"column":38}},"117":{"start":{"line":118,"column":0},"end":{"line":118,"column":39}},"118":{"start":{"line":119,"column":0},"end":{"line":119,"column":29}},"119":{"start":{"line":120,"column":0},"end":{"line":120,"column":24}},"120":{"start":{"line":121,"column":0},"end":{"line":121,"column":25}},"121":{"start":{"line":122,"column":0},"end":{"line":122,"column":15}},"122":{"start":{"line":123,"column":0},"end":{"line":123,"column":12}},"123":{"start":{"line":124,"column":0},"end":{"line":124,"column":46}},"124":{"start":{"line":125,"column":0},"end":{"line":125,"column":5}},"125":{"start":{"line":126,"column":0},"end":{"line":126,"column":4}},"126":{"start":{"line":127,"column":0},"end":{"line":127,"column":0}},"127":{"start":{"line":128,"column":0},"end":{"line":128,"column":33}},"128":{"start":{"line":129,"column":0},"end":{"line":129,"column":25}},"129":{"start":{"line":130,"column":0},"end":{"line":130,"column":34}},"130":{"start":{"line":131,"column":0},"end":{"line":131,"column":36}},"131":{"start":{"line":132,"column":0},"end":{"line":132,"column":33}},"132":{"start":{"line":133,"column":0},"end":{"line":133,"column":32}},"133":{"start":{"line":134,"column":0},"end":{"line":134,"column":28}},"134":{"start":{"line":135,"column":0},"end":{"line":135,"column":52}},"135":{"start":{"line":136,"column":0},"end":{"line":136,"column":54}},"136":{"start":{"line":137,"column":0},"end":{"line":137,"column":32}},"137":{"start":{"line":138,"column":0},"end":{"line":138,"column":26}},"138":{"start":{"line":139,"column":0},"end":{"line":139,"column":50}},"139":{"start":{"line":140,"column":0},"end":{"line":140,"column":35}},"140":{"start":{"line":141,"column":0},"end":{"line":141,"column":39}},"141":{"start":{"line":142,"column":0},"end":{"line":142,"column":32}},"142":{"start":{"line":143,"column":0},"end":{"line":143,"column":36}},"143":{"start":{"line":144,"column":0},"end":{"line":144,"column":20}},"144":{"start":{"line":145,"column":0},"end":{"line":145,"column":6}},"145":{"start":{"line":146,"column":0},"end":{"line":146,"column":60}},"146":{"start":{"line":147,"column":0},"end":{"line":147,"column":44}},"147":{"start":{"line":148,"column":0},"end":{"line":148,"column":27}},"148":{"start":{"line":149,"column":0},"end":{"line":149,"column":29}},"149":{"start":{"line":150,"column":0},"end":{"line":150,"column":24}},"150":{"start":{"line":151,"column":0},"end":{"line":151,"column":22}},"151":{"start":{"line":152,"column":0},"end":{"line":152,"column":15}},"152":{"start":{"line":153,"column":0},"end":{"line":153,"column":12}},"153":{"start":{"line":154,"column":0},"end":{"line":154,"column":43}},"154":{"start":{"line":155,"column":0},"end":{"line":155,"column":5}},"155":{"start":{"line":156,"column":0},"end":{"line":156,"column":4}},"156":{"start":{"line":157,"column":0},"end":{"line":157,"column":0}},"157":{"start":{"line":158,"column":0},"end":{"line":158,"column":27}},"158":{"start":{"line":159,"column":0},"end":{"line":159,"column":50}},"159":{"start":{"line":160,"column":0},"end":{"line":160,"column":52}},"160":{"start":{"line":161,"column":0},"end":{"line":161,"column":49}},"161":{"start":{"line":162,"column":0},"end":{"line":162,"column":48}},"162":{"start":{"line":163,"column":0},"end":{"line":163,"column":44}},"163":{"start":{"line":164,"column":0},"end":{"line":164,"column":68}},"164":{"start":{"line":165,"column":0},"end":{"line":165,"column":70}},"165":{"start":{"line":166,"column":0},"end":{"line":166,"column":48}},"166":{"start":{"line":167,"column":0},"end":{"line":167,"column":42}},"167":{"start":{"line":168,"column":0},"end":{"line":168,"column":66}},"168":{"start":{"line":169,"column":0},"end":{"line":169,"column":54}},"169":{"start":{"line":170,"column":0},"end":{"line":170,"column":58}},"170":{"start":{"line":171,"column":0},"end":{"line":171,"column":52}},"171":{"start":{"line":172,"column":0},"end":{"line":172,"column":48}},"172":{"start":{"line":173,"column":0},"end":{"line":173,"column":34}},"173":{"start":{"line":174,"column":0},"end":{"line":174,"column":4}},"174":{"start":{"line":175,"column":0},"end":{"line":175,"column":0}},"175":{"start":{"line":176,"column":0},"end":{"line":176,"column":10}},"176":{"start":{"line":177,"column":0},"end":{"line":177,"column":8}},"177":{"start":{"line":178,"column":0},"end":{"line":178,"column":28}},"178":{"start":{"line":179,"column":0},"end":{"line":179,"column":61}},"179":{"start":{"line":180,"column":0},"end":{"line":180,"column":31}},"180":{"start":{"line":181,"column":0},"end":{"line":181,"column":30}},"181":{"start":{"line":182,"column":0},"end":{"line":182,"column":19}},"182":{"start":{"line":183,"column":0},"end":{"line":183,"column":80}},"183":{"start":{"line":184,"column":0},"end":{"line":184,"column":24}},"184":{"start":{"line":185,"column":0},"end":{"line":185,"column":5}},"185":{"start":{"line":186,"column":0},"end":{"line":186,"column":36}},"186":{"start":{"line":187,"column":0},"end":{"line":187,"column":39}},"187":{"start":{"line":188,"column":0},"end":{"line":188,"column":40}},"188":{"start":{"line":189,"column":0},"end":{"line":189,"column":15}},"189":{"start":{"line":190,"column":0},"end":{"line":190,"column":42}},"190":{"start":{"line":191,"column":0},"end":{"line":191,"column":56}},"191":{"start":{"line":192,"column":0},"end":{"line":192,"column":13}},"192":{"start":{"line":193,"column":0},"end":{"line":193,"column":23}},"193":{"start":{"line":194,"column":0},"end":{"line":194,"column":80}},"194":{"start":{"line":195,"column":0},"end":{"line":195,"column":38}},"195":{"start":{"line":196,"column":0},"end":{"line":196,"column":43}},"196":{"start":{"line":197,"column":0},"end":{"line":197,"column":33}},"197":{"start":{"line":198,"column":0},"end":{"line":198,"column":17}},"198":{"start":{"line":199,"column":0},"end":{"line":199,"column":16}},"199":{"start":{"line":200,"column":0},"end":{"line":200,"column":38}},"200":{"start":{"line":201,"column":0},"end":{"line":201,"column":86}},"201":{"start":{"line":202,"column":0},"end":{"line":202,"column":40}},"202":{"start":{"line":203,"column":0},"end":{"line":203,"column":54}},"203":{"start":{"line":204,"column":0},"end":{"line":204,"column":63}},"204":{"start":{"line":205,"column":0},"end":{"line":205,"column":34}},"205":{"start":{"line":206,"column":0},"end":{"line":206,"column":26}},"206":{"start":{"line":207,"column":0},"end":{"line":207,"column":24}},"207":{"start":{"line":208,"column":0},"end":{"line":208,"column":31}},"208":{"start":{"line":209,"column":0},"end":{"line":209,"column":44}},"209":{"start":{"line":210,"column":0},"end":{"line":210,"column":29}},"210":{"start":{"line":211,"column":0},"end":{"line":211,"column":39}},"211":{"start":{"line":212,"column":0},"end":{"line":212,"column":38}},"212":{"start":{"line":213,"column":0},"end":{"line":213,"column":53}},"213":{"start":{"line":214,"column":0},"end":{"line":214,"column":51}},"214":{"start":{"line":215,"column":0},"end":{"line":215,"column":22}},"215":{"start":{"line":216,"column":0},"end":{"line":216,"column":20}},"216":{"start":{"line":217,"column":0},"end":{"line":217,"column":59}},"217":{"start":{"line":218,"column":0},"end":{"line":218,"column":65}},"218":{"start":{"line":219,"column":0},"end":{"line":219,"column":20}},"219":{"start":{"line":220,"column":0},"end":{"line":220,"column":22}},"220":{"start":{"line":221,"column":0},"end":{"line":221,"column":54}},"221":{"start":{"line":222,"column":0},"end":{"line":222,"column":68}},"222":{"start":{"line":223,"column":0},"end":{"line":223,"column":30}},"223":{"start":{"line":224,"column":0},"end":{"line":224,"column":26}},"224":{"start":{"line":225,"column":0},"end":{"line":225,"column":24}},"225":{"start":{"line":226,"column":0},"end":{"line":226,"column":31}},"226":{"start":{"line":227,"column":0},"end":{"line":227,"column":44}},"227":{"start":{"line":228,"column":0},"end":{"line":228,"column":34}},"228":{"start":{"line":229,"column":0},"end":{"line":229,"column":44}},"229":{"start":{"line":230,"column":0},"end":{"line":230,"column":38}},"230":{"start":{"line":231,"column":0},"end":{"line":231,"column":58}},"231":{"start":{"line":232,"column":0},"end":{"line":232,"column":51}},"232":{"start":{"line":233,"column":0},"end":{"line":233,"column":22}},"233":{"start":{"line":234,"column":0},"end":{"line":234,"column":20}},"234":{"start":{"line":235,"column":0},"end":{"line":235,"column":64}},"235":{"start":{"line":236,"column":0},"end":{"line":236,"column":71}},"236":{"start":{"line":237,"column":0},"end":{"line":237,"column":20}},"237":{"start":{"line":238,"column":0},"end":{"line":238,"column":22}},"238":{"start":{"line":239,"column":0},"end":{"line":239,"column":54}},"239":{"start":{"line":240,"column":0},"end":{"line":240,"column":69}},"240":{"start":{"line":241,"column":0},"end":{"line":241,"column":31}},"241":{"start":{"line":242,"column":0},"end":{"line":242,"column":26}},"242":{"start":{"line":243,"column":0},"end":{"line":243,"column":24}},"243":{"start":{"line":244,"column":0},"end":{"line":244,"column":31}},"244":{"start":{"line":245,"column":0},"end":{"line":245,"column":44}},"245":{"start":{"line":246,"column":0},"end":{"line":246,"column":35}},"246":{"start":{"line":247,"column":0},"end":{"line":247,"column":45}},"247":{"start":{"line":248,"column":0},"end":{"line":248,"column":38}},"248":{"start":{"line":249,"column":0},"end":{"line":249,"column":59}},"249":{"start":{"line":250,"column":0},"end":{"line":250,"column":51}},"250":{"start":{"line":251,"column":0},"end":{"line":251,"column":22}},"251":{"start":{"line":252,"column":0},"end":{"line":252,"column":20}},"252":{"start":{"line":253,"column":0},"end":{"line":253,"column":22}},"253":{"start":{"line":254,"column":0},"end":{"line":254,"column":54}},"254":{"start":{"line":255,"column":0},"end":{"line":255,"column":67}},"255":{"start":{"line":256,"column":0},"end":{"line":256,"column":29}},"256":{"start":{"line":257,"column":0},"end":{"line":257,"column":26}},"257":{"start":{"line":258,"column":0},"end":{"line":258,"column":24}},"258":{"start":{"line":259,"column":0},"end":{"line":259,"column":31}},"259":{"start":{"line":260,"column":0},"end":{"line":260,"column":44}},"260":{"start":{"line":261,"column":0},"end":{"line":261,"column":33}},"261":{"start":{"line":262,"column":0},"end":{"line":262,"column":43}},"262":{"start":{"line":263,"column":0},"end":{"line":263,"column":38}},"263":{"start":{"line":264,"column":0},"end":{"line":264,"column":57}},"264":{"start":{"line":265,"column":0},"end":{"line":265,"column":51}},"265":{"start":{"line":266,"column":0},"end":{"line":266,"column":22}},"266":{"start":{"line":267,"column":0},"end":{"line":267,"column":20}},"267":{"start":{"line":268,"column":0},"end":{"line":268,"column":63}},"268":{"start":{"line":269,"column":0},"end":{"line":269,"column":70}},"269":{"start":{"line":270,"column":0},"end":{"line":270,"column":20}},"270":{"start":{"line":271,"column":0},"end":{"line":271,"column":22}},"271":{"start":{"line":272,"column":0},"end":{"line":272,"column":54}},"272":{"start":{"line":273,"column":0},"end":{"line":273,"column":65}},"273":{"start":{"line":274,"column":0},"end":{"line":274,"column":26}},"274":{"start":{"line":275,"column":0},"end":{"line":275,"column":26}},"275":{"start":{"line":276,"column":0},"end":{"line":276,"column":24}},"276":{"start":{"line":277,"column":0},"end":{"line":277,"column":30}},"277":{"start":{"line":278,"column":0},"end":{"line":278,"column":44}},"278":{"start":{"line":279,"column":0},"end":{"line":279,"column":31}},"279":{"start":{"line":280,"column":0},"end":{"line":280,"column":41}},"280":{"start":{"line":281,"column":0},"end":{"line":281,"column":38}},"281":{"start":{"line":282,"column":0},"end":{"line":282,"column":55}},"282":{"start":{"line":283,"column":0},"end":{"line":283,"column":51}},"283":{"start":{"line":284,"column":0},"end":{"line":284,"column":22}},"284":{"start":{"line":285,"column":0},"end":{"line":285,"column":20}},"285":{"start":{"line":286,"column":0},"end":{"line":286,"column":77}},"286":{"start":{"line":287,"column":0},"end":{"line":287,"column":29}},"287":{"start":{"line":288,"column":0},"end":{"line":288,"column":32}},"288":{"start":{"line":289,"column":0},"end":{"line":289,"column":76}},"289":{"start":{"line":290,"column":0},"end":{"line":290,"column":23}},"290":{"start":{"line":291,"column":0},"end":{"line":291,"column":22}},"291":{"start":{"line":292,"column":0},"end":{"line":292,"column":20}},"292":{"start":{"line":293,"column":0},"end":{"line":293,"column":22}},"293":{"start":{"line":294,"column":0},"end":{"line":294,"column":54}},"294":{"start":{"line":295,"column":0},"end":{"line":295,"column":64}},"295":{"start":{"line":296,"column":0},"end":{"line":296,"column":33}},"296":{"start":{"line":297,"column":0},"end":{"line":297,"column":26}},"297":{"start":{"line":298,"column":0},"end":{"line":298,"column":24}},"298":{"start":{"line":299,"column":0},"end":{"line":299,"column":32}},"299":{"start":{"line":300,"column":0},"end":{"line":300,"column":44}},"300":{"start":{"line":301,"column":0},"end":{"line":301,"column":30}},"301":{"start":{"line":302,"column":0},"end":{"line":302,"column":40}},"302":{"start":{"line":303,"column":0},"end":{"line":303,"column":38}},"303":{"start":{"line":304,"column":0},"end":{"line":304,"column":54}},"304":{"start":{"line":305,"column":0},"end":{"line":305,"column":51}},"305":{"start":{"line":306,"column":0},"end":{"line":306,"column":22}},"306":{"start":{"line":307,"column":0},"end":{"line":307,"column":20}},"307":{"start":{"line":308,"column":0},"end":{"line":308,"column":75}},"308":{"start":{"line":309,"column":0},"end":{"line":309,"column":80}},"309":{"start":{"line":310,"column":0},"end":{"line":310,"column":20}},"310":{"start":{"line":311,"column":0},"end":{"line":311,"column":22}},"311":{"start":{"line":312,"column":0},"end":{"line":312,"column":20}},"312":{"start":{"line":313,"column":0},"end":{"line":313,"column":40}},"313":{"start":{"line":314,"column":0},"end":{"line":314,"column":44}},"314":{"start":{"line":315,"column":0},"end":{"line":315,"column":76}},"315":{"start":{"line":316,"column":0},"end":{"line":316,"column":42}},"316":{"start":{"line":317,"column":0},"end":{"line":317,"column":26}},"317":{"start":{"line":318,"column":0},"end":{"line":318,"column":24}},"318":{"start":{"line":319,"column":0},"end":{"line":319,"column":31}},"319":{"start":{"line":320,"column":0},"end":{"line":320,"column":44}},"320":{"start":{"line":321,"column":0},"end":{"line":321,"column":42}},"321":{"start":{"line":322,"column":0},"end":{"line":322,"column":52}},"322":{"start":{"line":323,"column":0},"end":{"line":323,"column":38}},"323":{"start":{"line":324,"column":0},"end":{"line":324,"column":66}},"324":{"start":{"line":325,"column":0},"end":{"line":325,"column":51}},"325":{"start":{"line":326,"column":0},"end":{"line":326,"column":22}},"326":{"start":{"line":327,"column":0},"end":{"line":327,"column":20}},"327":{"start":{"line":328,"column":0},"end":{"line":328,"column":41}},"328":{"start":{"line":329,"column":0},"end":{"line":329,"column":77}},"329":{"start":{"line":330,"column":0},"end":{"line":330,"column":31}},"330":{"start":{"line":331,"column":0},"end":{"line":331,"column":34}},"331":{"start":{"line":332,"column":0},"end":{"line":332,"column":78}},"332":{"start":{"line":333,"column":0},"end":{"line":333,"column":25}},"333":{"start":{"line":334,"column":0},"end":{"line":334,"column":24}},"334":{"start":{"line":335,"column":0},"end":{"line":335,"column":22}},"335":{"start":{"line":336,"column":0},"end":{"line":336,"column":22}},"336":{"start":{"line":337,"column":0},"end":{"line":337,"column":44}},"337":{"start":{"line":338,"column":0},"end":{"line":338,"column":77}},"338":{"start":{"line":339,"column":0},"end":{"line":339,"column":41}},"339":{"start":{"line":340,"column":0},"end":{"line":340,"column":26}},"340":{"start":{"line":341,"column":0},"end":{"line":341,"column":24}},"341":{"start":{"line":342,"column":0},"end":{"line":342,"column":34}},"342":{"start":{"line":343,"column":0},"end":{"line":343,"column":44}},"343":{"start":{"line":344,"column":0},"end":{"line":344,"column":43}},"344":{"start":{"line":345,"column":0},"end":{"line":345,"column":53}},"345":{"start":{"line":346,"column":0},"end":{"line":346,"column":38}},"346":{"start":{"line":347,"column":0},"end":{"line":347,"column":67}},"347":{"start":{"line":348,"column":0},"end":{"line":348,"column":51}},"348":{"start":{"line":349,"column":0},"end":{"line":349,"column":22}},"349":{"start":{"line":350,"column":0},"end":{"line":350,"column":20}},"350":{"start":{"line":351,"column":0},"end":{"line":351,"column":73}},"351":{"start":{"line":352,"column":0},"end":{"line":352,"column":29}},"352":{"start":{"line":353,"column":0},"end":{"line":353,"column":73}},"353":{"start":{"line":354,"column":0},"end":{"line":354,"column":22}},"354":{"start":{"line":355,"column":0},"end":{"line":355,"column":20}},"355":{"start":{"line":356,"column":0},"end":{"line":356,"column":22}},"356":{"start":{"line":357,"column":0},"end":{"line":357,"column":44}},"357":{"start":{"line":358,"column":0},"end":{"line":358,"column":78}},"358":{"start":{"line":359,"column":0},"end":{"line":359,"column":42}},"359":{"start":{"line":360,"column":0},"end":{"line":360,"column":26}},"360":{"start":{"line":361,"column":0},"end":{"line":361,"column":24}},"361":{"start":{"line":362,"column":0},"end":{"line":362,"column":34}},"362":{"start":{"line":363,"column":0},"end":{"line":363,"column":44}},"363":{"start":{"line":364,"column":0},"end":{"line":364,"column":44}},"364":{"start":{"line":365,"column":0},"end":{"line":365,"column":54}},"365":{"start":{"line":366,"column":0},"end":{"line":366,"column":38}},"366":{"start":{"line":367,"column":0},"end":{"line":367,"column":68}},"367":{"start":{"line":368,"column":0},"end":{"line":368,"column":51}},"368":{"start":{"line":369,"column":0},"end":{"line":369,"column":22}},"369":{"start":{"line":370,"column":0},"end":{"line":370,"column":20}},"370":{"start":{"line":371,"column":0},"end":{"line":371,"column":22}},"371":{"start":{"line":372,"column":0},"end":{"line":372,"column":44}},"372":{"start":{"line":373,"column":0},"end":{"line":373,"column":67}},"373":{"start":{"line":374,"column":0},"end":{"line":374,"column":28}},"374":{"start":{"line":375,"column":0},"end":{"line":375,"column":26}},"375":{"start":{"line":376,"column":0},"end":{"line":376,"column":24}},"376":{"start":{"line":377,"column":0},"end":{"line":377,"column":35}},"377":{"start":{"line":378,"column":0},"end":{"line":378,"column":44}},"378":{"start":{"line":379,"column":0},"end":{"line":379,"column":33}},"379":{"start":{"line":380,"column":0},"end":{"line":380,"column":43}},"380":{"start":{"line":381,"column":0},"end":{"line":381,"column":38}},"381":{"start":{"line":382,"column":0},"end":{"line":382,"column":57}},"382":{"start":{"line":383,"column":0},"end":{"line":383,"column":51}},"383":{"start":{"line":384,"column":0},"end":{"line":384,"column":22}},"384":{"start":{"line":385,"column":0},"end":{"line":385,"column":20}},"385":{"start":{"line":386,"column":0},"end":{"line":386,"column":41}},"386":{"start":{"line":387,"column":0},"end":{"line":387,"column":59}},"387":{"start":{"line":388,"column":0},"end":{"line":388,"column":77}},"388":{"start":{"line":389,"column":0},"end":{"line":389,"column":22}},"389":{"start":{"line":390,"column":0},"end":{"line":390,"column":22}},"390":{"start":{"line":391,"column":0},"end":{"line":391,"column":20}},"391":{"start":{"line":392,"column":0},"end":{"line":392,"column":40}},"392":{"start":{"line":393,"column":0},"end":{"line":393,"column":54}},"393":{"start":{"line":394,"column":0},"end":{"line":394,"column":46}},"394":{"start":{"line":395,"column":0},"end":{"line":395,"column":26}},"395":{"start":{"line":396,"column":0},"end":{"line":396,"column":50}},"396":{"start":{"line":397,"column":0},"end":{"line":397,"column":34}},"397":{"start":{"line":398,"column":0},"end":{"line":398,"column":43}},"398":{"start":{"line":399,"column":0},"end":{"line":399,"column":43}},"399":{"start":{"line":400,"column":0},"end":{"line":400,"column":46}},"400":{"start":{"line":401,"column":0},"end":{"line":401,"column":43}},"401":{"start":{"line":402,"column":0},"end":{"line":402,"column":40}},"402":{"start":{"line":403,"column":0},"end":{"line":403,"column":57}},"403":{"start":{"line":404,"column":0},"end":{"line":404,"column":48}},"404":{"start":{"line":405,"column":0},"end":{"line":405,"column":53}},"405":{"start":{"line":406,"column":0},"end":{"line":406,"column":24}},"406":{"start":{"line":407,"column":0},"end":{"line":407,"column":22}},"407":{"start":{"line":408,"column":0},"end":{"line":408,"column":26}},"408":{"start":{"line":409,"column":0},"end":{"line":409,"column":50}},"409":{"start":{"line":410,"column":0},"end":{"line":410,"column":48}},"410":{"start":{"line":411,"column":0},"end":{"line":411,"column":21}},"411":{"start":{"line":412,"column":0},"end":{"line":412,"column":38}},"412":{"start":{"line":413,"column":0},"end":{"line":413,"column":28}},"413":{"start":{"line":414,"column":0},"end":{"line":414,"column":43}},"414":{"start":{"line":415,"column":0},"end":{"line":415,"column":77}},"415":{"start":{"line":416,"column":0},"end":{"line":416,"column":33}},"416":{"start":{"line":417,"column":0},"end":{"line":417,"column":36}},"417":{"start":{"line":418,"column":0},"end":{"line":418,"column":87}},"418":{"start":{"line":419,"column":0},"end":{"line":419,"column":27}},"419":{"start":{"line":420,"column":0},"end":{"line":420,"column":26}},"420":{"start":{"line":421,"column":0},"end":{"line":421,"column":24}},"421":{"start":{"line":422,"column":0},"end":{"line":422,"column":24}},"422":{"start":{"line":423,"column":0},"end":{"line":423,"column":22}},"423":{"start":{"line":424,"column":0},"end":{"line":424,"column":0}},"424":{"start":{"line":425,"column":0},"end":{"line":425,"column":54}},"425":{"start":{"line":426,"column":0},"end":{"line":426,"column":46}},"426":{"start":{"line":427,"column":0},"end":{"line":427,"column":26}},"427":{"start":{"line":428,"column":0},"end":{"line":428,"column":50}},"428":{"start":{"line":429,"column":0},"end":{"line":429,"column":34}},"429":{"start":{"line":430,"column":0},"end":{"line":430,"column":43}},"430":{"start":{"line":431,"column":0},"end":{"line":431,"column":45}},"431":{"start":{"line":432,"column":0},"end":{"line":432,"column":48}},"432":{"start":{"line":433,"column":0},"end":{"line":433,"column":45}},"433":{"start":{"line":434,"column":0},"end":{"line":434,"column":40}},"434":{"start":{"line":435,"column":0},"end":{"line":435,"column":59}},"435":{"start":{"line":436,"column":0},"end":{"line":436,"column":46}},"436":{"start":{"line":437,"column":0},"end":{"line":437,"column":53}},"437":{"start":{"line":438,"column":0},"end":{"line":438,"column":24}},"438":{"start":{"line":439,"column":0},"end":{"line":439,"column":22}},"439":{"start":{"line":440,"column":0},"end":{"line":440,"column":26}},"440":{"start":{"line":441,"column":0},"end":{"line":441,"column":50}},"441":{"start":{"line":442,"column":0},"end":{"line":442,"column":50}},"442":{"start":{"line":443,"column":0},"end":{"line":443,"column":21}},"443":{"start":{"line":444,"column":0},"end":{"line":444,"column":40}},"444":{"start":{"line":445,"column":0},"end":{"line":445,"column":28}},"445":{"start":{"line":446,"column":0},"end":{"line":446,"column":43}},"446":{"start":{"line":447,"column":0},"end":{"line":447,"column":77}},"447":{"start":{"line":448,"column":0},"end":{"line":448,"column":33}},"448":{"start":{"line":449,"column":0},"end":{"line":449,"column":36}},"449":{"start":{"line":450,"column":0},"end":{"line":450,"column":87}},"450":{"start":{"line":451,"column":0},"end":{"line":451,"column":27}},"451":{"start":{"line":452,"column":0},"end":{"line":452,"column":26}},"452":{"start":{"line":453,"column":0},"end":{"line":453,"column":24}},"453":{"start":{"line":454,"column":0},"end":{"line":454,"column":24}},"454":{"start":{"line":455,"column":0},"end":{"line":455,"column":22}},"455":{"start":{"line":456,"column":0},"end":{"line":456,"column":42}},"456":{"start":{"line":457,"column":0},"end":{"line":457,"column":56}},"457":{"start":{"line":458,"column":0},"end":{"line":458,"column":71}},"458":{"start":{"line":459,"column":0},"end":{"line":459,"column":33}},"459":{"start":{"line":460,"column":0},"end":{"line":460,"column":28}},"460":{"start":{"line":461,"column":0},"end":{"line":461,"column":26}},"461":{"start":{"line":462,"column":0},"end":{"line":462,"column":36}},"462":{"start":{"line":463,"column":0},"end":{"line":463,"column":46}},"463":{"start":{"line":464,"column":0},"end":{"line":464,"column":37}},"464":{"start":{"line":465,"column":0},"end":{"line":465,"column":47}},"465":{"start":{"line":466,"column":0},"end":{"line":466,"column":40}},"466":{"start":{"line":467,"column":0},"end":{"line":467,"column":61}},"467":{"start":{"line":468,"column":0},"end":{"line":468,"column":53}},"468":{"start":{"line":469,"column":0},"end":{"line":469,"column":24}},"469":{"start":{"line":470,"column":0},"end":{"line":470,"column":22}},"470":{"start":{"line":471,"column":0},"end":{"line":471,"column":24}},"471":{"start":{"line":472,"column":0},"end":{"line":472,"column":56}},"472":{"start":{"line":473,"column":0},"end":{"line":473,"column":69}},"473":{"start":{"line":474,"column":0},"end":{"line":474,"column":31}},"474":{"start":{"line":475,"column":0},"end":{"line":475,"column":28}},"475":{"start":{"line":476,"column":0},"end":{"line":476,"column":26}},"476":{"start":{"line":477,"column":0},"end":{"line":477,"column":33}},"477":{"start":{"line":478,"column":0},"end":{"line":478,"column":46}},"478":{"start":{"line":479,"column":0},"end":{"line":479,"column":35}},"479":{"start":{"line":480,"column":0},"end":{"line":480,"column":45}},"480":{"start":{"line":481,"column":0},"end":{"line":481,"column":40}},"481":{"start":{"line":482,"column":0},"end":{"line":482,"column":59}},"482":{"start":{"line":483,"column":0},"end":{"line":483,"column":53}},"483":{"start":{"line":484,"column":0},"end":{"line":484,"column":24}},"484":{"start":{"line":485,"column":0},"end":{"line":485,"column":22}},"485":{"start":{"line":486,"column":0},"end":{"line":486,"column":24}},"486":{"start":{"line":487,"column":0},"end":{"line":487,"column":22}},"487":{"start":{"line":488,"column":0},"end":{"line":488,"column":20}},"488":{"start":{"line":489,"column":0},"end":{"line":489,"column":0}},"489":{"start":{"line":490,"column":0},"end":{"line":490,"column":67}},"490":{"start":{"line":491,"column":0},"end":{"line":491,"column":29}},"491":{"start":{"line":492,"column":0},"end":{"line":492,"column":25}},"492":{"start":{"line":493,"column":0},"end":{"line":493,"column":35}},"493":{"start":{"line":494,"column":0},"end":{"line":494,"column":31}},"494":{"start":{"line":495,"column":0},"end":{"line":495,"column":33}},"495":{"start":{"line":496,"column":0},"end":{"line":496,"column":43}},"496":{"start":{"line":497,"column":0},"end":{"line":497,"column":42}},"497":{"start":{"line":498,"column":0},"end":{"line":498,"column":49}},"498":{"start":{"line":499,"column":0},"end":{"line":499,"column":19}},"499":{"start":{"line":500,"column":0},"end":{"line":500,"column":24}},"500":{"start":{"line":501,"column":0},"end":{"line":501,"column":27}},"501":{"start":{"line":502,"column":0},"end":{"line":502,"column":21}},"502":{"start":{"line":503,"column":0},"end":{"line":503,"column":25}},"503":{"start":{"line":504,"column":0},"end":{"line":504,"column":35}},"504":{"start":{"line":505,"column":0},"end":{"line":505,"column":30}},"505":{"start":{"line":506,"column":0},"end":{"line":506,"column":33}},"506":{"start":{"line":507,"column":0},"end":{"line":507,"column":43}},"507":{"start":{"line":508,"column":0},"end":{"line":508,"column":39}},"508":{"start":{"line":509,"column":0},"end":{"line":509,"column":49}},"509":{"start":{"line":510,"column":0},"end":{"line":510,"column":19}},"510":{"start":{"line":511,"column":0},"end":{"line":511,"column":23}},"511":{"start":{"line":512,"column":0},"end":{"line":512,"column":27}},"512":{"start":{"line":513,"column":0},"end":{"line":513,"column":18}},"513":{"start":{"line":514,"column":0},"end":{"line":514,"column":23}},"514":{"start":{"line":515,"column":0},"end":{"line":515,"column":44}},"515":{"start":{"line":516,"column":0},"end":{"line":516,"column":31}},"516":{"start":{"line":517,"column":0},"end":{"line":517,"column":41}},"517":{"start":{"line":518,"column":0},"end":{"line":518,"column":37}},"518":{"start":{"line":519,"column":0},"end":{"line":519,"column":17}},"519":{"start":{"line":520,"column":0},"end":{"line":520,"column":24}},"520":{"start":{"line":521,"column":0},"end":{"line":521,"column":25}},"521":{"start":{"line":522,"column":0},"end":{"line":522,"column":20}},"522":{"start":{"line":523,"column":0},"end":{"line":523,"column":19}},"523":{"start":{"line":524,"column":0},"end":{"line":524,"column":16}},"524":{"start":{"line":525,"column":0},"end":{"line":525,"column":14}},"525":{"start":{"line":526,"column":0},"end":{"line":526,"column":12}},"526":{"start":{"line":527,"column":0},"end":{"line":527,"column":10}},"527":{"start":{"line":528,"column":0},"end":{"line":528,"column":4}},"528":{"start":{"line":529,"column":0},"end":{"line":529,"column":2}},"529":{"start":{"line":530,"column":0},"end":{"line":530,"column":0}},"530":{"start":{"line":531,"column":0},"end":{"line":531,"column":38}}},"s":{"0":1,"1":1,"2":1,"3":1,"4":1,"5":1,"6":1,"7":1,"8":1,"9":1,"10":1,"11":1,"12":1,"13":1,"14":1,"15":1,"16":73,"17":73,"18":73,"19":73,"20":73,"21":73,"22":73,"23":22,"24":73,"25":73,"26":73,"27":73,"28":73,"29":73,"30":73,"31":73,"32":73,"33":73,"34":73,"35":73,"36":73,"37":73,"38":73,"39":73,"40":73,"41":73,"42":73,"43":73,"44":73,"45":73,"46":73,"47":73,"48":73,"49":73,"50":73,"51":73,"52":73,"53":73,"54":73,"55":73,"56":73,"57":73,"58":73,"59":73,"60":73,"61":73,"62":73,"63":73,"64":73,"65":73,"66":73,"67":35,"68":35,"69":32,"70":32,"71":31,"72":31,"73":31,"74":29,"75":27,"76":24,"77":35,"78":73,"79":73,"80":73,"81":73,"82":73,"83":73,"84":73,"85":73,"86":73,"87":73,"88":73,"89":73,"90":73,"91":73,"92":73,"93":73,"94":73,"95":73,"96":2,"97":2,"98":2,"99":2,"100":2,"101":2,"102":2,"103":2,"104":2,"105":2,"106":2,"107":2,"108":2,"109":2,"110":2,"111":2,"112":2,"113":2,"114":2,"115":2,"116":2,"117":0,"118":0,"119":0,"120":0,"121":0,"122":2,"123":2,"124":2,"125":2,"126":73,"127":73,"128":0,"129":0,"130":0,"131":0,"132":0,"133":0,"134":0,"135":0,"136":0,"137":0,"138":0,"139":0,"140":0,"141":0,"142":0,"143":0,"144":0,"145":0,"146":0,"147":0,"148":0,"149":0,"150":0,"151":0,"152":0,"153":0,"154":0,"155":0,"156":73,"157":73,"158":0,"159":0,"160":0,"161":0,"162":0,"163":0,"164":0,"165":0,"166":0,"167":0,"168":0,"169":0,"170":0,"171":0,"172":0,"173":0,"174":73,"175":73,"176":73,"177":73,"178":73,"179":73,"180":73,"181":73,"182":73,"183":73,"184":73,"185":73,"186":73,"187":73,"188":73,"189":73,"190":73,"191":73,"192":73,"193":64,"194":64,"195":64,"196":9,"197":73,"198":73,"199":73,"200":73,"201":73,"202":73,"203":73,"204":73,"205":73,"206":73,"207":73,"208":73,"209":73,"210":73,"211":73,"212":1,"213":1,"214":1,"215":73,"216":73,"217":2,"218":73,"219":73,"220":73,"221":73,"222":73,"223":73,"224":73,"225":73,"226":73,"227":73,"228":73,"229":73,"230":0,"231":0,"232":0,"233":73,"234":73,"235":0,"236":73,"237":73,"238":73,"239":73,"240":73,"241":73,"242":73,"243":73,"244":73,"245":73,"246":73,"247":73,"248":0,"249":0,"250":0,"251":73,"252":73,"253":73,"254":73,"255":73,"256":73,"257":73,"258":73,"259":73,"260":73,"261":73,"262":73,"263":0,"264":0,"265":0,"266":73,"267":73,"268":0,"269":73,"270":73,"271":73,"272":73,"273":73,"274":73,"275":73,"276":73,"277":73,"278":73,"279":73,"280":73,"281":3,"282":3,"283":3,"284":73,"285":73,"286":4,"287":4,"288":4,"289":4,"290":4,"291":73,"292":73,"293":73,"294":73,"295":73,"296":73,"297":73,"298":73,"299":73,"300":73,"301":73,"302":73,"303":4,"304":4,"305":4,"306":73,"307":73,"308":6,"309":73,"310":73,"311":73,"312":73,"313":73,"314":73,"315":73,"316":73,"317":73,"318":73,"319":73,"320":73,"321":73,"322":73,"323":0,"324":0,"325":0,"326":73,"327":73,"328":26,"329":0,"330":0,"331":0,"332":0,"333":0,"334":73,"335":73,"336":73,"337":73,"338":73,"339":73,"340":73,"341":73,"342":73,"343":73,"344":73,"345":73,"346":0,"347":0,"348":0,"349":73,"350":73,"351":0,"352":0,"353":0,"354":73,"355":73,"356":73,"357":73,"358":73,"359":73,"360":73,"361":73,"362":73,"363":73,"364":73,"365":73,"366":0,"367":0,"368":0,"369":73,"370":73,"371":73,"372":73,"373":73,"374":73,"375":73,"376":73,"377":73,"378":73,"379":73,"380":73,"381":3,"382":3,"383":3,"384":73,"385":73,"386":26,"387":4,"388":73,"389":73,"390":73,"391":73,"392":73,"393":73,"394":73,"395":73,"396":73,"397":73,"398":73,"399":73,"400":73,"401":73,"402":0,"403":0,"404":0,"405":0,"406":73,"407":73,"408":73,"409":73,"410":73,"411":73,"412":73,"413":73,"414":26,"415":0,"416":0,"417":0,"418":0,"419":0,"420":73,"421":73,"422":73,"423":73,"424":73,"425":73,"426":73,"427":73,"428":73,"429":73,"430":73,"431":73,"432":73,"433":73,"434":0,"435":0,"436":0,"437":0,"438":73,"439":73,"440":73,"441":73,"442":73,"443":73,"444":73,"445":73,"446":26,"447":0,"448":0,"449":0,"450":0,"451":0,"452":73,"453":73,"454":73,"455":73,"456":73,"457":73,"458":73,"459":73,"460":73,"461":73,"462":73,"463":73,"464":73,"465":73,"466":2,"467":2,"468":2,"469":73,"470":73,"471":73,"472":73,"473":73,"474":73,"475":73,"476":73,"477":73,"478":73,"479":73,"480":73,"481":0,"482":0,"483":0,"484":73,"485":73,"486":73,"487":73,"488":73,"489":73,"490":73,"491":64,"492":64,"493":64,"494":64,"495":64,"496":64,"497":64,"498":64,"499":64,"500":64,"501":9,"502":9,"503":9,"504":9,"505":9,"506":9,"507":9,"508":9,"509":9,"510":9,"511":9,"512":73,"513":73,"514":73,"515":73,"516":73,"517":73,"518":73,"519":73,"520":73,"521":73,"522":73,"523":73,"524":73,"525":73,"526":73,"527":73,"528":73,"529":1,"530":1},"branchMap":{"0":{"type":"branch","line":16,"loc":{"start":{"line":16,"column":38},"end":{"line":529,"column":2}},"locations":[{"start":{"line":16,"column":38},"end":{"line":529,"column":2}}]},"1":{"type":"branch","line":28,"loc":{"start":{"line":28,"column":4},"end":{"line":28,"column":27}},"locations":[{"start":{"line":28,"column":4},"end":{"line":28,"column":27}}]},"2":{"type":"branch","line":28,"loc":{"start":{"line":28,"column":14},"end":{"line":28,"column":29}},"locations":[{"start":{"line":28,"column":14},"end":{"line":28,"column":29}}]},"3":{"type":"branch","line":31,"loc":{"start":{"line":31,"column":4},"end":{"line":31,"column":28}},"locations":[{"start":{"line":31,"column":4},"end":{"line":31,"column":28}}]},"4":{"type":"branch","line":31,"loc":{"start":{"line":31,"column":14},"end":{"line":31,"column":30}},"locations":[{"start":{"line":31,"column":14},"end":{"line":31,"column":30}}]},"5":{"type":"branch","line":33,"loc":{"start":{"line":33,"column":49},"end":{"line":33,"column":76}},"locations":[{"start":{"line":33,"column":49},"end":{"line":33,"column":76}}]},"6":{"type":"branch","line":33,"loc":{"start":{"line":33,"column":59},"end":{"line":33,"column":78}},"locations":[{"start":{"line":33,"column":59},"end":{"line":33,"column":78}}]},"7":{"type":"branch","line":35,"loc":{"start":{"line":35,"column":4},"end":{"line":35,"column":26}},"locations":[{"start":{"line":35,"column":4},"end":{"line":35,"column":26}}]},"8":{"type":"branch","line":35,"loc":{"start":{"line":35,"column":14},"end":{"line":35,"column":28}},"locations":[{"start":{"line":35,"column":14},"end":{"line":35,"column":28}}]},"9":{"type":"branch","line":37,"loc":{"start":{"line":37,"column":53},"end":{"line":37,"column":73}},"locations":[{"start":{"line":37,"column":53},"end":{"line":37,"column":73}}]},"10":{"type":"branch","line":37,"loc":{"start":{"line":37,"column":63},"end":{"line":37,"column":75}},"locations":[{"start":{"line":37,"column":63},"end":{"line":37,"column":75}}]},"11":{"type":"branch","line":39,"loc":{"start":{"line":39,"column":4},"end":{"line":39,"column":36}},"locations":[{"start":{"line":39,"column":4},"end":{"line":39,"column":36}}]},"12":{"type":"branch","line":39,"loc":{"start":{"line":39,"column":14},"end":{"line":39,"column":38}},"locations":[{"start":{"line":39,"column":14},"end":{"line":39,"column":38}}]},"13":{"type":"branch","line":42,"loc":{"start":{"line":42,"column":4},"end":{"line":42,"column":37}},"locations":[{"start":{"line":42,"column":4},"end":{"line":42,"column":37}}]},"14":{"type":"branch","line":42,"loc":{"start":{"line":42,"column":14},"end":{"line":42,"column":39}},"locations":[{"start":{"line":42,"column":14},"end":{"line":42,"column":39}}]},"15":{"type":"branch","line":45,"loc":{"start":{"line":45,"column":4},"end":{"line":45,"column":26}},"locations":[{"start":{"line":45,"column":4},"end":{"line":45,"column":26}}]},"16":{"type":"branch","line":45,"loc":{"start":{"line":45,"column":14},"end":{"line":45,"column":28}},"locations":[{"start":{"line":45,"column":14},"end":{"line":45,"column":28}}]},"17":{"type":"branch","line":47,"loc":{"start":{"line":47,"column":51},"end":{"line":47,"column":70}},"locations":[{"start":{"line":47,"column":51},"end":{"line":47,"column":70}}]},"18":{"type":"branch","line":47,"loc":{"start":{"line":47,"column":61},"end":{"line":47,"column":72}},"locations":[{"start":{"line":47,"column":61},"end":{"line":47,"column":72}}]},"19":{"type":"branch","line":49,"loc":{"start":{"line":49,"column":4},"end":{"line":49,"column":35}},"locations":[{"start":{"line":49,"column":4},"end":{"line":49,"column":35}}]},"20":{"type":"branch","line":49,"loc":{"start":{"line":49,"column":14},"end":{"line":49,"column":37}},"locations":[{"start":{"line":49,"column":14},"end":{"line":49,"column":37}}]},"21":{"type":"branch","line":52,"loc":{"start":{"line":52,"column":4},"end":{"line":52,"column":33}},"locations":[{"start":{"line":52,"column":4},"end":{"line":52,"column":33}}]},"22":{"type":"branch","line":52,"loc":{"start":{"line":52,"column":14},"end":{"line":52,"column":38}},"locations":[{"start":{"line":52,"column":14},"end":{"line":52,"column":38}}]},"23":{"type":"branch","line":55,"loc":{"start":{"line":55,"column":4},"end":{"line":55,"column":35}},"locations":[{"start":{"line":55,"column":4},"end":{"line":55,"column":35}}]},"24":{"type":"branch","line":55,"loc":{"start":{"line":55,"column":14},"end":{"line":55,"column":40}},"locations":[{"start":{"line":55,"column":14},"end":{"line":55,"column":40}}]},"25":{"type":"branch","line":58,"loc":{"start":{"line":58,"column":4},"end":{"line":58,"column":26}},"locations":[{"start":{"line":58,"column":4},"end":{"line":58,"column":26}}]},"26":{"type":"branch","line":61,"loc":{"start":{"line":61,"column":4},"end":{"line":61,"column":28}},"locations":[{"start":{"line":61,"column":4},"end":{"line":61,"column":28}}]},"27":{"type":"branch","line":179,"loc":{"start":{"line":179,"column":34},"end":{"line":179,"column":53}},"locations":[{"start":{"line":179,"column":34},"end":{"line":179,"column":53}}]},"28":{"type":"branch","line":179,"loc":{"start":{"line":179,"column":45},"end":{"line":179,"column":58}},"locations":[{"start":{"line":179,"column":45},"end":{"line":179,"column":58}}]},"29":{"type":"branch","line":183,"loc":{"start":{"line":183,"column":47},"end":{"line":183,"column":66}},"locations":[{"start":{"line":183,"column":47},"end":{"line":183,"column":66}}]},"30":{"type":"branch","line":183,"loc":{"start":{"line":183,"column":58},"end":{"line":183,"column":71}},"locations":[{"start":{"line":183,"column":58},"end":{"line":183,"column":71}}]},"31":{"type":"branch","line":193,"loc":{"start":{"line":193,"column":15},"end":{"line":196,"column":43}},"locations":[{"start":{"line":193,"column":15},"end":{"line":196,"column":43}}]},"32":{"type":"branch","line":196,"loc":{"start":{"line":196,"column":40},"end":{"line":197,"column":33}},"locations":[{"start":{"line":196,"column":40},"end":{"line":197,"column":33}}]},"33":{"type":"branch","line":217,"loc":{"start":{"line":217,"column":19},"end":{"line":217,"column":59}},"locations":[{"start":{"line":217,"column":19},"end":{"line":217,"column":59}}]},"34":{"type":"branch","line":217,"loc":{"start":{"line":217,"column":43},"end":{"line":218,"column":65}},"locations":[{"start":{"line":217,"column":43},"end":{"line":218,"column":65}}]},"35":{"type":"branch","line":235,"loc":{"start":{"line":235,"column":19},"end":{"line":235,"column":64}},"locations":[{"start":{"line":235,"column":19},"end":{"line":235,"column":64}}]},"36":{"type":"branch","line":235,"loc":{"start":{"line":235,"column":43},"end":{"line":236,"column":71}},"locations":[{"start":{"line":235,"column":43},"end":{"line":236,"column":71}}]},"37":{"type":"branch","line":268,"loc":{"start":{"line":268,"column":19},"end":{"line":268,"column":63}},"locations":[{"start":{"line":268,"column":19},"end":{"line":268,"column":63}}]},"38":{"type":"branch","line":268,"loc":{"start":{"line":268,"column":43},"end":{"line":269,"column":70}},"locations":[{"start":{"line":268,"column":43},"end":{"line":269,"column":70}}]},"39":{"type":"branch","line":286,"loc":{"start":{"line":286,"column":19},"end":{"line":286,"column":77}},"locations":[{"start":{"line":286,"column":19},"end":{"line":286,"column":77}}]},"40":{"type":"branch","line":286,"loc":{"start":{"line":286,"column":71},"end":{"line":291,"column":22}},"locations":[{"start":{"line":286,"column":71},"end":{"line":291,"column":22}}]},"41":{"type":"branch","line":308,"loc":{"start":{"line":308,"column":19},"end":{"line":308,"column":75}},"locations":[{"start":{"line":308,"column":19},"end":{"line":308,"column":75}}]},"42":{"type":"branch","line":308,"loc":{"start":{"line":308,"column":69},"end":{"line":309,"column":80}},"locations":[{"start":{"line":308,"column":69},"end":{"line":309,"column":80}}]},"43":{"type":"branch","line":328,"loc":{"start":{"line":328,"column":19},"end":{"line":329,"column":77}},"locations":[{"start":{"line":328,"column":19},"end":{"line":329,"column":77}}]},"44":{"type":"branch","line":329,"loc":{"start":{"line":329,"column":71},"end":{"line":334,"column":24}},"locations":[{"start":{"line":329,"column":71},"end":{"line":334,"column":24}}]},"45":{"type":"branch","line":351,"loc":{"start":{"line":351,"column":19},"end":{"line":351,"column":73}},"locations":[{"start":{"line":351,"column":19},"end":{"line":351,"column":73}}]},"46":{"type":"branch","line":351,"loc":{"start":{"line":351,"column":43},"end":{"line":354,"column":22}},"locations":[{"start":{"line":351,"column":43},"end":{"line":354,"column":22}}]},"47":{"type":"branch","line":386,"loc":{"start":{"line":386,"column":19},"end":{"line":387,"column":59}},"locations":[{"start":{"line":386,"column":19},"end":{"line":387,"column":59}}]},"48":{"type":"branch","line":387,"loc":{"start":{"line":387,"column":53},"end":{"line":388,"column":77}},"locations":[{"start":{"line":387,"column":53},"end":{"line":388,"column":77}}]},"49":{"type":"branch","line":414,"loc":{"start":{"line":414,"column":21},"end":{"line":415,"column":77}},"locations":[{"start":{"line":414,"column":21},"end":{"line":415,"column":77}}]},"50":{"type":"branch","line":415,"loc":{"start":{"line":415,"column":71},"end":{"line":420,"column":26}},"locations":[{"start":{"line":415,"column":71},"end":{"line":420,"column":26}}]},"51":{"type":"branch","line":446,"loc":{"start":{"line":446,"column":21},"end":{"line":447,"column":77}},"locations":[{"start":{"line":446,"column":21},"end":{"line":447,"column":77}}]},"52":{"type":"branch","line":447,"loc":{"start":{"line":447,"column":71},"end":{"line":452,"column":26}},"locations":[{"start":{"line":447,"column":71},"end":{"line":452,"column":26}}]},"53":{"type":"branch","line":491,"loc":{"start":{"line":491,"column":17},"end":{"line":501,"column":27}},"locations":[{"start":{"line":491,"column":17},"end":{"line":501,"column":27}}]},"54":{"type":"branch","line":501,"loc":{"start":{"line":501,"column":18},"end":{"line":512,"column":27}},"locations":[{"start":{"line":501,"column":18},"end":{"line":512,"column":27}}]},"55":{"type":"branch","line":23,"loc":{"start":{"line":23,"column":12},"end":{"line":25,"column":5}},"locations":[{"start":{"line":23,"column":12},"end":{"line":25,"column":5}}]},"56":{"type":"branch","line":24,"loc":{"start":{"line":24,"column":18},"end":{"line":24,"column":69}},"locations":[{"start":{"line":24,"column":18},"end":{"line":24,"column":69}}]},"57":{"type":"branch","line":67,"loc":{"start":{"line":67,"column":12},"end":{"line":79,"column":5}},"locations":[{"start":{"line":67,"column":12},"end":{"line":79,"column":5}}]},"58":{"type":"branch","line":69,"loc":{"start":{"line":69,"column":6},"end":{"line":70,"column":26}},"locations":[{"start":{"line":69,"column":6},"end":{"line":70,"column":26}}]},"59":{"type":"branch","line":70,"loc":{"start":{"line":70,"column":8},"end":{"line":71,"column":22}},"locations":[{"start":{"line":70,"column":8},"end":{"line":71,"column":22}}]},"60":{"type":"branch","line":71,"loc":{"start":{"line":71,"column":8},"end":{"line":72,"column":36}},"locations":[{"start":{"line":71,"column":8},"end":{"line":72,"column":36}}]},"61":{"type":"branch","line":72,"loc":{"start":{"line":72,"column":8},"end":{"line":73,"column":62}},"locations":[{"start":{"line":72,"column":8},"end":{"line":73,"column":62}}]},"62":{"type":"branch","line":73,"loc":{"start":{"line":73,"column":58},"end":{"line":74,"column":40}},"locations":[{"start":{"line":73,"column":58},"end":{"line":74,"column":40}}]},"63":{"type":"branch","line":74,"loc":{"start":{"line":74,"column":36},"end":{"line":75,"column":44}},"locations":[{"start":{"line":74,"column":36},"end":{"line":75,"column":44}}]},"64":{"type":"branch","line":75,"loc":{"start":{"line":75,"column":40},"end":{"line":76,"column":38}},"locations":[{"start":{"line":75,"column":40},"end":{"line":76,"column":38}}]},"65":{"type":"branch","line":76,"loc":{"start":{"line":76,"column":34},"end":{"line":77,"column":57}},"locations":[{"start":{"line":76,"column":34},"end":{"line":77,"column":57}}]},"66":{"type":"branch","line":96,"loc":{"start":{"line":96,"column":23},"end":{"line":126,"column":4}},"locations":[{"start":{"line":96,"column":23},"end":{"line":126,"column":4}}]},"67":{"type":"branch","line":117,"loc":{"start":{"line":117,"column":37},"end":{"line":123,"column":11}},"locations":[{"start":{"line":117,"column":37},"end":{"line":123,"column":11}}]},"68":{"type":"branch","line":212,"loc":{"start":{"line":212,"column":30},"end":{"line":215,"column":22}},"locations":[{"start":{"line":212,"column":30},"end":{"line":215,"column":22}}]},"69":{"type":"branch","line":281,"loc":{"start":{"line":281,"column":30},"end":{"line":284,"column":22}},"locations":[{"start":{"line":281,"column":30},"end":{"line":284,"column":22}}]},"70":{"type":"branch","line":303,"loc":{"start":{"line":303,"column":30},"end":{"line":306,"column":22}},"locations":[{"start":{"line":303,"column":30},"end":{"line":306,"column":22}}]},"71":{"type":"branch","line":381,"loc":{"start":{"line":381,"column":30},"end":{"line":384,"column":22}},"locations":[{"start":{"line":381,"column":30},"end":{"line":384,"column":22}}]},"72":{"type":"branch","line":466,"loc":{"start":{"line":466,"column":32},"end":{"line":469,"column":24}},"locations":[{"start":{"line":466,"column":32},"end":{"line":469,"column":24}}]}},"b":{"0":[73],"1":[64],"2":[9],"3":[64],"4":[9],"5":[64],"6":[9],"7":[64],"8":[9],"9":[64],"10":[9],"11":[64],"12":[9],"13":[64],"14":[9],"15":[64],"16":[9],"17":[64],"18":[9],"19":[64],"20":[9],"21":[64],"22":[9],"23":[64],"24":[9],"25":[64],"26":[64],"27":[64],"28":[9],"29":[64],"30":[9],"31":[64],"32":[9],"33":[26],"34":[2],"35":[26],"36":[0],"37":[26],"38":[0],"39":[26],"40":[4],"41":[26],"42":[6],"43":[26],"44":[0],"45":[26],"46":[0],"47":[26],"48":[4],"49":[26],"50":[0],"51":[26],"52":[0],"53":[64],"54":[9],"55":[22],"56":[19],"57":[35],"58":[32],"59":[32],"60":[31],"61":[31],"62":[31],"63":[29],"64":[27],"65":[24],"66":[2],"67":[0],"68":[1],"69":[3],"70":[4],"71":[3],"72":[2]},"fnMap":{"0":{"name":"CustomerAddUpdateModal","decl":{"start":{"line":16,"column":38},"end":{"line":529,"column":2}},"loc":{"start":{"line":16,"column":38},"end":{"line":529,"column":2}},"line":16},"1":{"name":"handleUpdate","decl":{"start":{"line":96,"column":23},"end":{"line":126,"column":4}},"loc":{"start":{"line":96,"column":23},"end":{"line":126,"column":4}},"line":96},"2":{"name":"handleAdd","decl":{"start":{"line":128,"column":20},"end":{"line":156,"column":4}},"loc":{"start":{"line":128,"column":20},"end":{"line":156,"column":4}},"line":128},"3":{"name":"resetForm","decl":{"start":{"line":158,"column":20},"end":{"line":174,"column":4}},"loc":{"start":{"line":158,"column":20},"end":{"line":174,"column":4}},"line":158},"4":{"name":"onChange","decl":{"start":{"line":212,"column":30},"end":{"line":215,"column":22}},"loc":{"start":{"line":212,"column":30},"end":{"line":215,"column":22}},"line":212},"5":{"name":"onChange","decl":{"start":{"line":230,"column":30},"end":{"line":233,"column":22}},"loc":{"start":{"line":230,"column":30},"end":{"line":233,"column":22}},"line":230},"6":{"name":"onChange","decl":{"start":{"line":248,"column":30},"end":{"line":251,"column":22}},"loc":{"start":{"line":248,"column":30},"end":{"line":251,"column":22}},"line":248},"7":{"name":"onChange","decl":{"start":{"line":263,"column":30},"end":{"line":266,"column":22}},"loc":{"start":{"line":263,"column":30},"end":{"line":266,"column":22}},"line":263},"8":{"name":"onChange","decl":{"start":{"line":281,"column":30},"end":{"line":284,"column":22}},"loc":{"start":{"line":281,"column":30},"end":{"line":284,"column":22}},"line":281},"9":{"name":"onChange","decl":{"start":{"line":303,"column":30},"end":{"line":306,"column":22}},"loc":{"start":{"line":303,"column":30},"end":{"line":306,"column":22}},"line":303},"10":{"name":"onChange","decl":{"start":{"line":323,"column":30},"end":{"line":326,"column":22}},"loc":{"start":{"line":323,"column":30},"end":{"line":326,"column":22}},"line":323},"11":{"name":"onChange","decl":{"start":{"line":346,"column":30},"end":{"line":349,"column":22}},"loc":{"start":{"line":346,"column":30},"end":{"line":349,"column":22}},"line":346},"12":{"name":"onChange","decl":{"start":{"line":366,"column":30},"end":{"line":369,"column":22}},"loc":{"start":{"line":366,"column":30},"end":{"line":369,"column":22}},"line":366},"13":{"name":"onChange","decl":{"start":{"line":381,"column":30},"end":{"line":384,"column":22}},"loc":{"start":{"line":381,"column":30},"end":{"line":384,"column":22}},"line":381},"14":{"name":"onChange","decl":{"start":{"line":402,"column":32},"end":{"line":406,"column":24}},"loc":{"start":{"line":402,"column":32},"end":{"line":406,"column":24}},"line":402},"15":{"name":"onChange","decl":{"start":{"line":434,"column":32},"end":{"line":438,"column":24}},"loc":{"start":{"line":434,"column":32},"end":{"line":438,"column":24}},"line":434},"16":{"name":"onChange","decl":{"start":{"line":466,"column":32},"end":{"line":469,"column":24}},"loc":{"start":{"line":466,"column":32},"end":{"line":469,"column":24}},"line":466},"17":{"name":"onChange","decl":{"start":{"line":481,"column":32},"end":{"line":484,"column":24}},"loc":{"start":{"line":481,"column":32},"end":{"line":484,"column":24}},"line":481}},"f":{"0":73,"1":2,"2":0,"3":0,"4":1,"5":0,"6":0,"7":0,"8":3,"9":4,"10":0,"11":0,"12":0,"13":3,"14":0,"15":0,"16":2,"17":0}}
,"C:\\Users\\siuhi\\OneDrive - connect.hku.hk\\Work\\Coding\\Bootcamp - Digital Futures\\df-capstone-fe\\src\\components\\CustomerDeleteModal.jsx": {"path":"C:\\Users\\siuhi\\OneDrive - connect.hku.hk\\Work\\Coding\\Bootcamp - Digital Futures\\df-capstone-fe\\src\\components\\CustomerDeleteModal.jsx","all":false,"statementMap":{"0":{"start":{"line":1,"column":0},"end":{"line":1,"column":73}},"1":{"start":{"line":2,"column":0},"end":{"line":2,"column":0}},"2":{"start":{"line":3,"column":0},"end":{"line":3,"column":30}},"3":{"start":{"line":4,"column":0},"end":{"line":4,"column":11}},"4":{"start":{"line":5,"column":0},"end":{"line":5,"column":8}},"5":{"start":{"line":6,"column":0},"end":{"line":6,"column":17}},"6":{"start":{"line":7,"column":0},"end":{"line":7,"column":15}},"7":{"start":{"line":8,"column":0},"end":{"line":8,"column":7}},"8":{"start":{"line":9,"column":0},"end":{"line":9,"column":36}},"9":{"start":{"line":10,"column":0},"end":{"line":10,"column":61}},"10":{"start":{"line":11,"column":0},"end":{"line":11,"column":40}},"11":{"start":{"line":12,"column":0},"end":{"line":12,"column":29}},"12":{"start":{"line":13,"column":0},"end":{"line":13,"column":27}},"13":{"start":{"line":14,"column":0},"end":{"line":14,"column":24}},"14":{"start":{"line":15,"column":0},"end":{"line":15,"column":25}},"15":{"start":{"line":16,"column":0},"end":{"line":16,"column":15}},"16":{"start":{"line":17,"column":0},"end":{"line":17,"column":12}},"17":{"start":{"line":18,"column":0},"end":{"line":18,"column":46}},"18":{"start":{"line":19,"column":0},"end":{"line":19,"column":24}},"19":{"start":{"line":20,"column":0},"end":{"line":20,"column":25}},"20":{"start":{"line":21,"column":0},"end":{"line":21,"column":15}},"21":{"start":{"line":22,"column":0},"end":{"line":22,"column":5}},"22":{"start":{"line":23,"column":0},"end":{"line":23,"column":4}},"23":{"start":{"line":24,"column":0},"end":{"line":24,"column":0}},"24":{"start":{"line":25,"column":0},"end":{"line":25,"column":10}},"25":{"start":{"line":26,"column":0},"end":{"line":26,"column":8}},"26":{"start":{"line":27,"column":0},"end":{"line":27,"column":28}},"27":{"start":{"line":28,"column":0},"end":{"line":28,"column":42}},"28":{"start":{"line":29,"column":0},"end":{"line":29,"column":56}},"29":{"start":{"line":30,"column":0},"end":{"line":30,"column":19}},"30":{"start":{"line":31,"column":0},"end":{"line":31,"column":61}},"31":{"start":{"line":32,"column":0},"end":{"line":32,"column":24}},"32":{"start":{"line":33,"column":0},"end":{"line":33,"column":5}},"33":{"start":{"line":34,"column":0},"end":{"line":34,"column":36}},"34":{"start":{"line":35,"column":0},"end":{"line":35,"column":39}},"35":{"start":{"line":36,"column":0},"end":{"line":36,"column":38}},"36":{"start":{"line":37,"column":0},"end":{"line":37,"column":61}},"37":{"start":{"line":38,"column":0},"end":{"line":38,"column":16}},"38":{"start":{"line":39,"column":0},"end":{"line":39,"column":71}},"39":{"start":{"line":40,"column":0},"end":{"line":40,"column":74}},"40":{"start":{"line":41,"column":0},"end":{"line":41,"column":20}},"41":{"start":{"line":42,"column":0},"end":{"line":42,"column":21}},"42":{"start":{"line":43,"column":0},"end":{"line":43,"column":19}},"43":{"start":{"line":44,"column":0},"end":{"line":44,"column":27}},"44":{"start":{"line":45,"column":0},"end":{"line":45,"column":40}},"45":{"start":{"line":46,"column":0},"end":{"line":46,"column":36}},"46":{"start":{"line":47,"column":0},"end":{"line":47,"column":35}},"47":{"start":{"line":48,"column":0},"end":{"line":48,"column":37}},"48":{"start":{"line":49,"column":0},"end":{"line":49,"column":13}},"49":{"start":{"line":50,"column":0},"end":{"line":50,"column":28}},"50":{"start":{"line":51,"column":0},"end":{"line":51,"column":21}},"51":{"start":{"line":52,"column":0},"end":{"line":52,"column":16}},"52":{"start":{"line":53,"column":0},"end":{"line":53,"column":14}},"53":{"start":{"line":54,"column":0},"end":{"line":54,"column":12}},"54":{"start":{"line":55,"column":0},"end":{"line":55,"column":10}},"55":{"start":{"line":56,"column":0},"end":{"line":56,"column":4}},"56":{"start":{"line":57,"column":0},"end":{"line":57,"column":2}},"57":{"start":{"line":58,"column":0},"end":{"line":58,"column":0}},"58":{"start":{"line":59,"column":0},"end":{"line":59,"column":35}}},"s":{"0":1,"1":1,"2":1,"3":5,"4":5,"5":5,"6":5,"7":5,"8":5,"9":0,"10":0,"11":0,"12":0,"13":0,"14":0,"15":0,"16":0,"17":0,"18":0,"19":0,"20":0,"21":0,"22":0,"23":5,"24":5,"25":5,"26":5,"27":5,"28":5,"29":5,"30":5,"31":5,"32":5,"33":5,"34":5,"35":5,"36":5,"37":5,"38":5,"39":5,"40":5,"41":5,"42":5,"43":5,"44":5,"45":5,"46":5,"47":5,"48":5,"49":5,"50":5,"51":5,"52":5,"53":5,"54":5,"55":5,"56":5,"57":1,"58":1},"branchMap":{"0":{"type":"branch","line":3,"loc":{"start":{"line":3,"column":28},"end":{"line":57,"column":2}},"locations":[{"start":{"line":3,"column":28},"end":{"line":57,"column":2}}]}},"b":{"0":[5]},"fnMap":{"0":{"name":"CustomerDeleteModal","decl":{"start":{"line":3,"column":28},"end":{"line":57,"column":2}},"loc":{"start":{"line":3,"column":28},"end":{"line":57,"column":2}},"line":3},"1":{"name":"handleDelete","decl":{"start":{"line":9,"column":23},"end":{"line":23,"column":4}},"loc":{"start":{"line":9,"column":23},"end":{"line":23,"column":4}},"line":9}},"f":{"0":5,"1":0}}
,"C:\\Users\\siuhi\\OneDrive - connect.hku.hk\\Work\\Coding\\Bootcamp - Digital Futures\\df-capstone-fe\\src\\components\\CustomerSec.jsx": {"path":"C:\\Users\\siuhi\\OneDrive - connect.hku.hk\\Work\\Coding\\Bootcamp - Digital Futures\\df-capstone-fe\\src\\components\\CustomerSec.jsx","all":false,"statementMap":{"0":{"start":{"line":1,"column":0},"end":{"line":1,"column":44}},"1":{"start":{"line":2,"column":0},"end":{"line":2,"column":44}},"2":{"start":{"line":3,"column":0},"end":{"line":3,"column":47}},"3":{"start":{"line":4,"column":0},"end":{"line":4,"column":71}},"4":{"start":{"line":5,"column":0},"end":{"line":5,"column":56}},"5":{"start":{"line":6,"column":0},"end":{"line":6,"column":54}},"6":{"start":{"line":7,"column":0},"end":{"line":7,"column":42}},"7":{"start":{"line":8,"column":0},"end":{"line":8,"column":38}},"8":{"start":{"line":9,"column":0},"end":{"line":9,"column":0}},"9":{"start":{"line":10,"column":0},"end":{"line":10,"column":41}},"10":{"start":{"line":11,"column":0},"end":{"line":11,"column":33}},"11":{"start":{"line":12,"column":0},"end":{"line":12,"column":57}},"12":{"start":{"line":13,"column":0},"end":{"line":13,"column":51}},"13":{"start":{"line":14,"column":0},"end":{"line":14,"column":49}},"14":{"start":{"line":15,"column":0},"end":{"line":15,"column":43}},"15":{"start":{"line":16,"column":0},"end":{"line":16,"column":0}},"16":{"start":{"line":17,"column":0},"end":{"line":17,"column":38}},"17":{"start":{"line":18,"column":0},"end":{"line":18,"column":47}},"18":{"start":{"line":19,"column":0},"end":{"line":19,"column":34}},"19":{"start":{"line":20,"column":0},"end":{"line":20,"column":50}},"20":{"start":{"line":21,"column":0},"end":{"line":21,"column":12}},"21":{"start":{"line":22,"column":0},"end":{"line":22,"column":30}},"22":{"start":{"line":23,"column":0},"end":{"line":23,"column":5}},"23":{"start":{"line":24,"column":0},"end":{"line":24,"column":4}},"24":{"start":{"line":25,"column":0},"end":{"line":25,"column":0}},"25":{"start":{"line":26,"column":0},"end":{"line":26,"column":19}},"26":{"start":{"line":27,"column":0},"end":{"line":27,"column":21}},"27":{"start":{"line":28,"column":0},"end":{"line":28,"column":9}},"28":{"start":{"line":29,"column":0},"end":{"line":29,"column":0}},"29":{"start":{"line":30,"column":0},"end":{"line":30,"column":19}},"30":{"start":{"line":31,"column":0},"end":{"line":31,"column":22}},"31":{"start":{"line":32,"column":0},"end":{"line":32,"column":20}},"32":{"start":{"line":33,"column":0},"end":{"line":33,"column":5}},"33":{"start":{"line":34,"column":0},"end":{"line":34,"column":19}},"34":{"start":{"line":35,"column":0},"end":{"line":35,"column":0}},"35":{"start":{"line":36,"column":0},"end":{"line":36,"column":10}},"36":{"start":{"line":37,"column":0},"end":{"line":37,"column":6}},"37":{"start":{"line":38,"column":0},"end":{"line":38,"column":14}},"38":{"start":{"line":39,"column":0},"end":{"line":39,"column":61}},"39":{"start":{"line":40,"column":0},"end":{"line":40,"column":67}},"40":{"start":{"line":41,"column":0},"end":{"line":41,"column":15}},"41":{"start":{"line":42,"column":0},"end":{"line":42,"column":59}},"42":{"start":{"line":43,"column":0},"end":{"line":43,"column":52}},"43":{"start":{"line":44,"column":0},"end":{"line":44,"column":28}},"44":{"start":{"line":45,"column":0},"end":{"line":45,"column":33}},"45":{"start":{"line":46,"column":0},"end":{"line":46,"column":43}},"46":{"start":{"line":47,"column":0},"end":{"line":47,"column":12}},"47":{"start":{"line":48,"column":0},"end":{"line":48,"column":14}},"48":{"start":{"line":49,"column":0},"end":{"line":49,"column":20}},"49":{"start":{"line":50,"column":0},"end":{"line":50,"column":12}},"50":{"start":{"line":51,"column":0},"end":{"line":51,"column":47}},"51":{"start":{"line":52,"column":0},"end":{"line":52,"column":48}},"52":{"start":{"line":53,"column":0},"end":{"line":53,"column":17}},"53":{"start":{"line":54,"column":0},"end":{"line":54,"column":44}},"54":{"start":{"line":55,"column":0},"end":{"line":55,"column":14}},"55":{"start":{"line":56,"column":0},"end":{"line":56,"column":18}},"56":{"start":{"line":57,"column":0},"end":{"line":57,"column":13}},"57":{"start":{"line":58,"column":0},"end":{"line":58,"column":10}},"58":{"start":{"line":59,"column":0},"end":{"line":59,"column":23}},"59":{"start":{"line":60,"column":0},"end":{"line":60,"column":12}},"60":{"start":{"line":61,"column":0},"end":{"line":61,"column":49}},"61":{"start":{"line":62,"column":0},"end":{"line":62,"column":51}},"62":{"start":{"line":63,"column":0},"end":{"line":63,"column":17}},"63":{"start":{"line":64,"column":0},"end":{"line":64,"column":47}},"64":{"start":{"line":65,"column":0},"end":{"line":65,"column":14}},"65":{"start":{"line":66,"column":0},"end":{"line":66,"column":18}},"66":{"start":{"line":67,"column":0},"end":{"line":67,"column":13}},"67":{"start":{"line":68,"column":0},"end":{"line":68,"column":10}},"68":{"start":{"line":69,"column":0},"end":{"line":69,"column":40}},"69":{"start":{"line":70,"column":0},"end":{"line":70,"column":31}},"70":{"start":{"line":71,"column":0},"end":{"line":71,"column":52}},"71":{"start":{"line":72,"column":0},"end":{"line":72,"column":73}},"72":{"start":{"line":73,"column":0},"end":{"line":73,"column":33}},"73":{"start":{"line":74,"column":0},"end":{"line":74,"column":37}},"74":{"start":{"line":75,"column":0},"end":{"line":75,"column":31}},"75":{"start":{"line":76,"column":0},"end":{"line":76,"column":49}},"76":{"start":{"line":77,"column":
[...]
,"C:\\Users\\siuhi\\OneDrive - connect.hku.hk\\Work\\Coding\\Bootcamp - Digital Futures\\df-capstone-fe\\src\\services\\enqWithAuth.service.js": {"path":"C:\\Users\\siuhi\\OneDrive - connect.hku.hk\\Work\\Coding\\Bootcamp - Digital Futures\\df-capstone-fe\\src\\services\\enqWithAuth.service.js","all":false,"statementMap":{"0":{"start":{"line":1,"column":0},"end":{"line":1,"column":26}},"1":{"start":{"line":2,"column":0},"end":{"line":2,"column":32}},"2":{"start":{"line":3,"column":0},"end":{"line":3,"column":0}},"3":{"start":{"line":4,"column":0},"end":{"line":4,"column":36}},"4":{"start":{"line":5,"column":0},"end":{"line":5,"column":7}},"5":{"start":{"line":6,"column":0},"end":{"line":6,"column":39}},"6":{"start":{"line":7,"column":0},"end":{"line":7,"column":72}},"7":{"start":{"line":8,"column":0},"end":{"line":8,"column":40}},"8":{"start":{"line":9,"column":0},"end":{"line":9,"column":7}},"9":{"start":{"line":10,"column":0},"end":{"line":10,"column":20}},"10":{"start":{"line":11,"column":0},"end":{"line":11,"column":31}},"11":{"start":{"line":12,"column":0},"end":{"line":12,"column":38}},"12":{"start":{"line":13,"column":0},"end":{"line":13,"column":15}},"13":{"start":{"line":14,"column":0},"end":{"line":14,"column":13}},"14":{"start":{"line":15,"column":0},"end":{"line":15,"column":3}},"15":{"start":{"line":16,"column":0},"end":{"line":16,"column":2}},"16":{"start":{"line":17,"column":0},"end":{"line":17,"column":0}},"17":{"start":{"line":18,"column":0},"end":{"line":18,"column":48}},"18":{"start":{"line":19,"column":0},"end":{"line":19,"column":7}},"19":{"start":{"line":20,"column":0},"end":{"line":20,"column":39}},"20":{"start":{"line":21,"column":0},"end":{"line":21,"column":34}},"21":{"start":{"line":22,"column":0},"end":{"line":22,"column":62}},"22":{"start":{"line":23,"column":0},"end":{"line":23,"column":17}},"23":{"start":{"line":24,"column":0},"end":{"line":24,"column":7}},"24":{"start":{"line":25,"column":0},"end":{"line":25,"column":42}},"25":{"start":{"line":26,"column":0},"end":{"line":26,"column":7}},"26":{"start":{"line":27,"column":0},"end":{"line":27,"column":6}},"27":{"start":{"line":28,"column":0},"end":{"line":28,"column":15}},"28":{"start":{"line":29,"column":0},"end":{"line":29,"column":31}},"29":{"start":{"line":30,"column":0},"end":{"line":30,"column":29}},"30":{"start":{"line":31,"column":0},"end":{"line":31,"column":15}},"31":{"start":{"line":32,"column":0},"end":{"line":32,"column":13}},"32":{"start":{"line":33,"column":0},"end":{"line":33,"column":3}},"33":{"start":{"line":34,"column":0},"end":{"line":34,"column":2}},"34":{"start":{"line":35,"column":0},"end":{"line":35,"column":0}},"35":{"start":{"line":36,"column":0},"end":{"line":36,"column":43}},"36":{"start":{"line":37,"column":0},"end":{"line":37,"column":7}},"37":{"start":{"line":38,"column":0},"end":{"line":38,"column":39}},"38":{"start":{"line":39,"column":0},"end":{"line":39,"column":35}},"39":{"start":{"line":40,"column":0},"end":{"line":40,"column":53}},"40":{"start":{"line":41,"column":0},"end":{"line":41,"column":7}},"41":{"start":{"line":42,"column":0},"end":{"line":42,"column":42}},"42":{"start":{"line":43,"column":0},"end":{"line":43,"column":7}},"43":{"start":{"line":44,"column":0},"end":{"line":44,"column":6}},"44":{"start":{"line":45,"column":0},"end":{"line":45,"column":28}},"45":{"start":{"line":46,"column":0},"end":{"line":46,"column":31}},"46":{"start":{"line":47,"column":0},"end":{"line":47,"column":41}},"47":{"start":{"line":48,"column":0},"end":{"line":48,"column":15}},"48":{"start":{"line":49,"column":0},"end":{"line":49,"column":13}},"49":{"start":{"line":50,"column":0},"end":{"line":50,"column":3}},"50":{"start":{"line":51,"column":0},"end":{"line":51,"column":2}},"51":{"start":{"line":52,"column":0},"end":{"line":52,"column":0}},"52":{"start":{"line":53,"column":0},"end":{"line":53,"column":62}}},"s":{"0":1,"1":1,"2":1,"3":1,"4":2,"5":2,"6":2,"7":2,"8":2,"9":1,"10":1,"11":1,"12":1,"13":1,"14":1,"15":2,"16":1,"17":1,"18":2,"19":2,"20":2,"21":2,"22":2,"23":2,"24":2,"25":2,"26":2,"27":1,"28":1,"29":1,"30":1,"31":1,"32":1,"33":2,"34":1,"35":1,"36":2,"37":2,"38":2,"39":2,"40":2,"41":2,"42":2,"43":2,"44":1,"45":1,"46":1,"47":1,"48":1,"49":1,"50":2,"51":1,"52":1},"branchMap":{"0":{"type":"branch","line":4,"loc":{"start":{"line":4,"column":23},"end":{"line":16,"column":2}},"locations":[{"start":{"line":4,"column":23},"end":{"line":16,"column":2}}]},"1":{"type":"branch","line":10,"loc":{"start":{"line":10,"column":-2},"end":{"line":15,"column":3}},"locations":[{"start":{"line":10,"column":-2},"end":{"line":15,"column":3}}]},"2":{"type":"branch","line":18,"loc":{"start":{"line":18,"column":25},"end":{"line":34,"column":2}},"locations":[{"start":{"line":18,"column":25},"end":{"line":34,"column":2}}]},"3":{"type":"branch","line":28,"loc":{"start":{"line":28,"column":-2},"end":{"line":33,"column":3}},"locations":[{"start":{"line":28,"column":-2},"end":{"line":33,"column":3}}]},"4":{"type":"branch","line":36,"loc":{"start":{"line":36,"column":25},"end":{"line":51,"column":2}},"locations":[{"start":{"line":36,"column":25},"end":{"line":51,"column":2}}]},"5":{"type":"branch","line":45,"loc":{"start":{"line":45,"column":-2},"end":{"line":50,"column":3}},"locations":[{"start":{"line":45,"column":-2},"end":{"line":50,"column":3}}]}},"b":{"0":[2],"1":[1],"2":[2],"3":[1],"4":[2],"5":[1]},"fnMap":{"0":{"name":"getEnqsService","decl":{"start":{"line":4,"column":23},"end":{"line":16,"column":2}},"loc":{"start":{"line":4,"column":23},"end":{"line":16,"column":2}},"line":4},"1":{"name":"updateEnqService","decl":{"start":{"line":18,"column":25},"end":{"line":34,"column":2}},"loc":{"start":{"line":18,"column":25},"end":{"line":34,"column":2}},"line":18},"2":{"name":"deleteEnqService","decl":{"start":{"line":36,"column":25},"end":{"line":51,"column":2}},"loc":{"start":{"line":36,"column":25},"end":{"line":51,"column":2}},"line":36}},"f":{"0":2,"1":2,"2":2}}
,"C:\\Users\\siuhi\\OneDrive - connect.hku.hk\\Work\\Coding\\Bootcamp - Digital Futures\\df-capstone-fe\\src\\utils\\dateFormatter.js": {"path":"C:\\Users\\siuhi\\OneDrive - connect.hku.hk\\Work\\Coding\\Bootcamp - Digital Futures\\df-capstone-fe\\src\\utils\\dateFormatter.js","all":false,"statementMap":{"0":{"start":{"line":1,"column":0},"end":{"line":1,"column":41}},"1":{"start":{"line":2,"column":0},"end":{"line":2,"column":16}},"2":{"start":{"line":3,"column":0},"end":{"line":3,"column":38}},"3":{"start":{"line":4,"column":0},"end":{"line":4,"column":39}},"4":{"start":{"line":5,"column":0},"end":{"line":5,"column":64}},"5":{"start":{"line":6,"column":0},"end":{"line":6,"column":57}},"6":{"start":{"line":7,"column":0},"end":{"line":7,"column":37}},"7":{"start":{"line":8,"column":0},"end":{"line":8,"column":3}},"8":{"start":{"line":9,"column":0},"end":{"line":9,"column":2}},"9":{"start":{"line":10,"column":0},"end":{"line":10,"column":0}},"10":{"start":{"line":11,"column":0},"end":{"line":11,"column":40}},"11":{"start":{"line":12,"column":0},"end":{"line":12,"column":16}},"12":{"start":{"line":13,"column":0},"end":{"line":13,"column":38}},"13":{"start":{"line":14,"column":0},"end":{"line":14,"column":61}},"14":{"start":{"line":15,"column":0},"end":{"line":15,"column":10}},"15":{"start":{"line":16,"column":0},"end":{"line":16,"column":14}},"16":{"start":{"line":17,"column":0},"end":{"line":17,"column":3}},"17":{"start":{"line":18,"column":0},"end":{"line":18,"column":2}}},"s":{"0":1,"1":102,"2":79,"3":79,"4":79,"5":79,"6":79,"7":79,"8":102,"9":1,"10":1,"11":171,"12":165,"13":165,"14":171,"15":6,"16":6,"17":171},"branchMap":{"0":{"type":"branch","line":1,"loc":{"start":{"line":1,"column":27},"end":{"line":9,"column":2}},"locations":[{"start":{"line":1,"column":27},"end":{"line":9,"column":2}}]},"1":{"type":"branch","line":2,"loc":{"start":{"line":2,"column":15},"end":{"line":8,"column":3}},"locations":[{"start":{"line":2,"column":15},"end":{"line":8,"column":3}}]},"2":{"type":"branch","line":11,"loc":{"start":{"line":11,"column":26},"end":{"line":18,"column":2}},"locations":[{"start":{"line":11,"column":26},"end":{"line":18,"column":2}}]},"3":{"type":"branch","line":12,"loc":{"start":{"line":12,"column":15},"end":{"line":15,"column":3}},"locations":[{"start":{"line":12,"column":15},"end":{"line":15,"column":3}}]},"4":{"type":"branch","line":15,"loc":{"start":{"line":15,"column":3},"end":{"line":17,"column":3}},"locations":[{"start":{"line":15,"column":3},"end":{"line":17,"column":3}}]}},"b":{"0":[102],"1":[79],"2":[171],"3":[165],"4":[6]},"fnMap":{"0":{"name":"shortenDate","decl":{"start":{"line":1,"column":27},"end":{"line":9,"column":2}},"loc":{"start":{"line":1,"column":27},"end":{"line":9,"column":2}},"line":1},"1":{"name":"formatDate","decl":{"start":{"line":11,"column":26},"end":{"line":18,"column":2}},"loc":{"start":{"line":11,"column":26},"end":{"line":18,"column":2}},"line":11}},"f":{"0":102,"1":171}}
,"C:\\Users\\siuhi\\OneDrive - connect.hku.hk\\Work\\Coding\\Bootcamp - Digital Futures\\df-capstone-fe\\src\\utils\\validator.js": {"path":"C:\\Users\\siuhi\\OneDrive - connect.hku.hk\\Work\\Coding\\Bootcamp - Digital Futures\\df-capstone-fe\\src\\utils\\validator.js","all":false,"statementMap":{"0":{"start":{"line":1,"column":0},"end":{"line":1,"column":47}},"1":{"start":{"line":2,"column":0},"end":{"line":2,"column":78}},"2":{"start":{"line":3,"column":0},"end":{"line":3,"column":30}},"3":{"start":{"line":4,"column":0},"end":{"line":4,"column":2}},"4":{"start":{"line":5,"column":0},"end":{"line":5,"column":0}},"5":{"start":{"line":6,"column":0},"end":{"line":6,"column":43}},"6":{"start":{"line":7,"column":0},"end":{"line":7,"column":30}},"7":{"start":{"line":8,"column":0},"end":{"line":8,"column":28}},"8":{"start":{"line":9,"column":0},"end":{"line":9,"column":2}},"9":{"start":{"line":10,"column":0},"end":{"line":10,"column":0}},"10":{"start":{"line":11,"column":0},"end":{"line":11,"column":41}},"11":{"start":{"line":12,"column":0},"end":{"line":12,"column":51}},"12":{"start":{"line":13,"column":0},"end":{"line":13,"column":27}},"13":{"start":{"line":14,"column":0},"end":{"line":14,"column":2}},"14":{"start":{"line":15,"column":0},"end":{"line":15,"column":0}},"15":{"start":{"line":16,"column":0},"end":{"line":16,"column":47}},"16":{"start":{"line":17,"column":0},"end":{"line":17,"column":64}},"17":{"start":{"line":18,"column":0},"end":{"line":18,"column":30}},"18":{"start":{"line":19,"column":0},"end":{"line":19,"column":2}},"19":{"start":{"line":20,"column":0},"end":{"line":20,"column":0}},"20":{"start":{"line":21,"column":0},"end":{"line":21,"column":56}},"21":{"start":{"line":22,"column":0},"end":{"line":22,"column":39}},"22":{"start":{"line":23,"column":0},"end":{"line":23,"column":2}},"23":{"start":{"line":24,"column":0},"end":{"line":24,"column":0}},"24":{"start":{"line":25,"column":0},"end":{"line":25,"column":71}},"25":{"start":{"line":26,"column":0},"end":{"line":26,"column":20}},"26":{"start":{"line":27,"column":0},"end":{"line":27,"column":76}},"27":{"start":{"line":28,"column":0},"end":{"line":28,"column":62}},"28":{"start":{"line":29,"column":0},"end":{"line":29,"column":62}},"29":{"start":{"line":30,"column":0},"end":{"line":30,"column":66}},"30":{"start":{"line":31,"column":0},"end":{"line":31,"column":53}},"31":{"start":{"line":32,"column":0},"end":{"line":32,"column":10}},"32":{"start":{"line":33,"column":0},"end":{"line":33,"column":37}},"33":{"start":{"line":34,"column":0},"end":{"line":34,"column":3}},"34":{"start":{"line":35,"column":0},"end":{"line":35,"column":2}},"35":{"start":{"line":36,"column":0},"end":{"line":36,"column":0}},"36":{"start":{"line":37,"column":0},"end":{"line":37,"column":64}},"37":{"start":{"line":38,"column":0},"end":{"line":38,"column":18}},"38":{"start":{"line":39,"column":0},"end":{"line":39,"column":38}},"39":{"start":{"line":40,"column":0},"end":{"line":40,"column":10}},"40":{"start":{"line":41,"column":0},"end":{"line":41,"column":39}},"41":{"start":{"line":42,"column":0},"end":{"line":42,"column":3}},"42":{"start":{"line":43,"column":0},"end":{"line":43,"column":2}},"43":{"start":{"line":44,"column":0},"end":{"line":44,"column":0}},"44":{"start":{"line":45,"column":0},"end":{"line":45,"column":65}},"45":{"start":{"line":46,"column":0},"end":{"line":46,"column":33}},"46":{"start":{"line":47,"column":0},"end":{"line":47,"column":39}},"47":{"start":{"line":48,"column":0},"end":{"line":48,"column":2}}},"s":{"0":1,"1":21,"2":21,"3":21,"4":1,"5":1,"6":182,"7":182,"8":182,"9":1,"10":1,"11":166,"12":166,"13":166,"14":1,"15":1,"16":179,"17":179,"18":179,"19":1,"20":1,"21":257,"22":257,"23":1,"24":1,"25":77,"26":66,"27":66,"28":66,"29":66,"30":66,"31":77,"32":11,"33":11,"34":77,"35":1,"36":1,"37":76,"38":69,"39":74,"40":7,"41":7,"42":76,"43":1,"44":1,"45":61,"46":61,"47":61},"branchMap":{"0":{"type":"branch","line":1,"loc":{"start":{"line":1,"column":32},"end":{"line":4,"column":2}},"locations":[{"start":{"line":1,"column":32},"end":{"line":4,"column":2}}]},"1":{"type":"branch","line":6,"loc":{"start":{"line":6,"column":30},"end":{"line":9,"column":2}},"locations":[{"start":{"line":6,"column":30},"end":{"line":9,"column":2}}]},"2":{"type":"branch","line":11,"loc":{"start":{"line":11,"column":29},"end":{"line":14,"column":2}},"locations":[{"start":{"line":11,"column":29},"end":{"line":14,"column":2}}]},"3":{"type":"branch","line":16,"loc":{"start":{"line":16,"column":32},"end":{"line":19,"column":2}},"locations":[{"start":{"line":16,"column":32},"end":{"line":19,"column":2}}]},"4":{"type":"branch","line":21,"loc":{"start":{"line":21,"column":37},"end":{"line":23,"column":2}},"locations":[{"start":{"line":21,"column":37},"end":{"line":23,"column":2}}]},"5":{"type":"branch","line":22,"loc":{"start":{"line":22,"column":24},"end":{"line":22,"column":30}},"locations":[{"start":{"line":22,"column":24},"end":{"line":22,"column":30}}]},"6":{"type":"branch","line":22,"loc":{"start":{"line":22,"column":31},"end":{"line":22,"column":38}},"locations":[{"start":{"line":22,"column":31},"end":{"line":22,"column":38}}]},"7":{"type":"branch","line":25,"loc":{"start":{"line":25,"column":33},"end":{"line":35,"column":2}},"locations":[{"start":{"line":25,"column":33},"end":{"line":35,"column":2}}]},"8":{"type":"branch","line":26,"loc":{"start":{"line":26,"column":19},"end":{"line":32,"column":3}},"locations":[{"start":{"line":26,"column":19},"end":{"line":32,"column":3}}]},"9":{"type":"branch","line":31,"loc":{"start":{"line":31,"column":38},"end":{"line":31,"column":44}},"locations":[{"start":{"line":31,"column":38},"end":{"line":31,"column":44}}]},"10":{"type":"branch","line":31,"loc":{"start":{"line":31,"column":45},"end":{"line":31,"column":52}},"locations":[{"start":{"line":31,"column":45},"end":{"line":31,"column":52}}]},"11":{"type":"branch","line":32,"loc":{"start":{"line":32,"column":3},"end":{"line":34,"column":3}},"locations":[{"start":{"line":32,"column":3},"end":{"line":34,"column":3}}]},"12":{"type":"branch","line":33,"loc":{"start":{"line":33,"column":22},"end":{"line":33,"column":28}},"locations":[{"start":{"line":33,"column":22},"end":{"line":33,"column":28}}]},"13":{"type":"branch","line":33,"loc":{"start":{"line":33,"column":29},"end":{"line":33,"column":36}},"locations":[{"start":{"line":33,"column":29},"end":{"line":33,"column":36}}]},"14":{"type":"branch","line":37,"loc":{"start":{"line":37,"column":35},"end":{"line":43,"column":2}},"locations":[{"start":{"line":37,"column":35},"end":{"line":43,"column":2}}]},"15":{"type":"branch","line":38,"loc":{"start":{"line":38,"column":17},"end":{"line":42,"column":3}},"locations":[{"start":{"line":38,"column":17},"end":{"line":42,"column":3}}]},"16":{"type":"branch","line":38,"loc":{"start":{"line":38,"column":17},"end":{"line":40,"column":3}},"locations":[{"start":{"line":38,"column":17},"end":{"line":40,"column":3}}]},"17":{"type":"branch","line":39,"loc":{"start":{"line":39,"column":23},"end":{"line":39,"column":29}},"locations":[{"start":{"line":39,"column":23},"end":{"line":39,"column":29}}]},"18":{"type":"branch","line":39,"loc":{"start":{"line":39,"column":30},"end":{"line":39,"column":37}},"locations":[{"start":{"line":39,"column":30},"end":{"line":39,"column":37}}]},"19":{"type":"branch","line":40,"loc":{"start":{"line":40,"column":3},"end":{"line":42,"column":3}},"locations":[{"start":{"line":40,"column":3},"end":{"line":42,"column":3}}]},"20":{"type":"branch","line":41,"loc":{"start":{"line":41,"column":24},"end":{"line":41,"column":30}},"locations":[{"start":{"line":41,"column":24},"end":{"line":41,"column":30}}]},"21":{"type":"branch","line":41,"loc":{"start":{"line":41,"column":31},"end":{"line":41,"column":38}},"locations":[{"start":{"line":41,"column":31},"end":{"line":41,"column":38}}]},"22":{"type":"branch","line":45,"loc":{"start":{"line":45,"column":41},"end":{"line":48,"column":2}},"locations":[{"start":{"line":45,"column":41},"end":{"line":48,"column":2}}]}},"b":{"0":[21],"1":[182],"2":[166],"3":[179],"4":[257],"5":[180],"6":[77],"7":[77],"8":[66],"9":[61],"10":[5],"11":[11],"12":[6],"13":[5],"14":[76],"15":[74],"16":[69],"17":[62],"18":[7],"19":[7],"20":[6],"21":[1],"22":[61]},"fnMap":{"0":{"name":"validatePassword","decl":{"start":{"line":1,"column":32},"end":{"line":4,"column":2}},"loc":{"start":{"line":1,"column":32},"end":{"line":4,"column":2}},"line":1},"1":{"name":"validateMobile","decl":{"start":{"line":6,"column":30},"end":{"line":9,"column":2}},"loc":{"start":{"line":6,"column":30},"end":{"line":9,"column":2}},"line":6},"2":{"name":"validateEmail","decl":{"start":{"line":11,"column":29},"end":{"line":14,"column":2}},"loc":{"start":{"line":11,"column":29},"end":{"line":14,"column":2}},"line":11},"3":{"name":"validatePostcode","decl":{"start":{"line":16,"column":32},"end":{"line":19,"column":2}},"loc":{"start":{"line":16,"column":32},"end":{"line":19,"column":2}},"line":16},"4":{"name":"validateTestAndSkills","decl":{"start":{"line":21,"column":37},"end":{"line":23,"column":2}},"loc":{"start":{"line":21,"column":37},"end":{"line":23,"column":2}},"line":21},"5":{"name":"validateReplyDate","decl":{"start":{"line":25,"column":33},"end":{"line":35,"column":2}},"loc":{"start":{"line":25,"column":33},"end":{"line":35,"column":2}},"line":25},"6":{"name":"validateReplyStatus","decl":{"start":{"line":37,"column":35},"end":{"line":43,"column":2}},"loc":{"start":{"line":37,"column":35},"end":{"line":43,"column":2}},"line":37},"7":{"name":"validateDrivingLicenceNum","decl":{"start":{"line":45,"column":41},"end":{"line":48,"column":2}},"loc":{"start":{"line":45,"column":41},"end":{"line":48,"column":2}},"line":45}},"f":{"0":21,"1":182,"2":166,"3":179,"4":257,"5":77,"6":76,"7":61}}
}
